{"numFailedTestSuites":1,"numFailedTests":4,"numPassedTestSuites":12,"numPassedTests":27,"numPendingTestSuites":0,"numPendingTests":0,"numRuntimeErrorTestSuites":0,"numTodoTests":0,"numTotalTestSuites":13,"numTotalTests":31,"openHandles":[],"snapshot":{"added":0,"didUpdate":false,"failure":false,"filesAdded":0,"filesRemoved":0,"filesRemovedList":[],"filesUnmatched":0,"filesUpdated":0,"matched":0,"total":0,"unchecked":0,"uncheckedKeysByFile":[],"unmatched":0,"updated":0},"startTime":1760361196937,"success":false,"testResults":[{"assertionResults":[{"ancestorTitles":[],"duration":1478,"failureDetails":[],"failureMessages":[],"fullName":"filter by name and paginate","invocations":1,"location":null,"numPassingAsserts":7,"retryReasons":[],"status":"passed","title":"filter by name and paginate"},{"ancestorTitles":[],"duration":2556,"failureDetails":[],"failureMessages":[],"fullName":"admin can create, update, and delete routes while enforcing RBAC","invocations":1,"location":null,"numPassingAsserts":11,"retryReasons":[],"status":"passed","title":"admin can create, update, and delete routes while enforcing RBAC"}],"endTime":1760361202574,"message":"","name":"/home/manoj/Desktop/WEB_API_CW_code (copy)/WebAPI_CW_COBSCCOMP4Y241P-007/src/test/routes.test.js","startTime":1760361196977,"status":"passed","summary":""},{"assertionResults":[{"ancestorTitles":["Bus location endpoints"],"duration":2596,"failureDetails":[],"failureMessages":[],"fullName":"Bus location endpoints operator can create locations and latest endpoint returns newest point with caching headers","invocations":1,"location":null,"numPassingAsserts":13,"retryReasons":[],"status":"passed","title":"operator can create locations and latest endpoint returns newest point with caching headers"},{"ancestorTitles":["Bus location endpoints"],"duration":187,"failureDetails":[{"matcherResult":{"actual":401,"expected":200,"message":"\u001b[2mexpect(\u001b[22m\u001b[31mreceived\u001b[39m\u001b[2m).\u001b[22mtoBe\u001b[2m(\u001b[22m\u001b[32mexpected\u001b[39m\u001b[2m) // Object.is equality\u001b[22m\n\nExpected: \u001b[32m200\u001b[39m\nReceived: \u001b[31m401\u001b[39m","name":"toBe","pass":false}}],"failureMessages":["Error: \u001b[2mexpect(\u001b[22m\u001b[31mreceived\u001b[39m\u001b[2m).\u001b[22mtoBe\u001b[2m(\u001b[22m\u001b[32mexpected\u001b[39m\u001b[2m) // Object.is equality\u001b[22m\n\nExpected: \u001b[32m200\u001b[39m\nReceived: \u001b[31m401\u001b[39m\n    at getOperatorToken (/home/manoj/Desktop/WEB_API_CW_code (copy)/WebAPI_CW_COBSCCOMP4Y241P-007/src/test/busLocations.test.js:25:27)\n    at processTicksAndRejections (node:internal/process/task_queues:105:5)\n    at Object.<anonymous> (/home/manoj/Desktop/WEB_API_CW_code (copy)/WebAPI_CW_COBSCCOMP4Y241P-007/src/test/busLocations.test.js:82:27)"],"fullName":"Bus location endpoints history endpoint supports time, bbox, and limit filters","invocations":1,"location":null,"numPassingAsserts":0,"retryReasons":[],"status":"failed","title":"history endpoint supports time, bbox, and limit filters"},{"ancestorTitles":["Bus location endpoints"],"duration":322,"failureDetails":[{"matcherResult":{"actual":401,"expected":200,"message":"\u001b[2mexpect(\u001b[22m\u001b[31mreceived\u001b[39m\u001b[2m).\u001b[22mtoBe\u001b[2m(\u001b[22m\u001b[32mexpected\u001b[39m\u001b[2m) // Object.is equality\u001b[22m\n\nExpected: \u001b[32m200\u001b[39m\nReceived: \u001b[31m401\u001b[39m","name":"toBe","pass":false}}],"failureMessages":["Error: \u001b[2mexpect(\u001b[22m\u001b[31mreceived\u001b[39m\u001b[2m).\u001b[22mtoBe\u001b[2m(\u001b[22m\u001b[32mexpected\u001b[39m\u001b[2m) // Object.is equality\u001b[22m\n\nExpected: \u001b[32m200\u001b[39m\nReceived: \u001b[31m401\u001b[39m\n    at getOperatorToken (/home/manoj/Desktop/WEB_API_CW_code (copy)/WebAPI_CW_COBSCCOMP4Y241P-007/src/test/busLocations.test.js:25:27)\n    at processTicksAndRejections (node:internal/process/task_queues:105:5)\n    at Object.<anonymous> (/home/manoj/Desktop/WEB_API_CW_code (copy)/WebAPI_CW_COBSCCOMP4Y241P-007/src/test/busLocations.test.js:120:27)"],"fullName":"Bus location endpoints validation errors return 422 and unknown bus returns 404","invocations":1,"location":null,"numPassingAsserts":0,"retryReasons":[],"status":"failed","title":"validation errors return 422 and unknown bus returns 404"},{"ancestorTitles":["Bus location endpoints"],"duration":410,"failureDetails":[{"matcherResult":{"actual":401,"expected":200,"message":"\u001b[2mexpect(\u001b[22m\u001b[31mreceived\u001b[39m\u001b[2m).\u001b[22mtoBe\u001b[2m(\u001b[22m\u001b[32mexpected\u001b[39m\u001b[2m) // Object.is equality\u001b[22m\n\nExpected: \u001b[32m200\u001b[39m\nReceived: \u001b[31m401\u001b[39m","name":"toBe","pass":false}}],"failureMessages":["Error: \u001b[2mexpect(\u001b[22m\u001b[31mreceived\u001b[39m\u001b[2m).\u001b[22mtoBe\u001b[2m(\u001b[22m\u001b[32mexpected\u001b[39m\u001b[2m) // Object.is equality\u001b[22m\n\nExpected: \u001b[32m200\u001b[39m\nReceived: \u001b[31m401\u001b[39m\n    at getOperatorToken (/home/manoj/Desktop/WEB_API_CW_code (copy)/WebAPI_CW_COBSCCOMP4Y241P-007/src/test/busLocations.test.js:25:27)\n    at processTicksAndRejections (node:internal/process/task_queues:105:5)\n    at Object.<anonymous> (/home/manoj/Desktop/WEB_API_CW_code (copy)/WebAPI_CW_COBSCCOMP4Y241P-007/src/test/busLocations.test.js:135:27)"],"fullName":"Bus location endpoints operators cannot mutate locations for buses owned by other operators","invocations":1,"location":null,"numPassingAsserts":0,"retryReasons":[],"status":"failed","title":"operators cannot mutate locations for buses owned by other operators"},{"ancestorTitles":["Location rate limiting"],"duration":197,"failureDetails":[{"matcherResult":{"actual":401,"expected":200,"message":"\u001b[2mexpect(\u001b[22m\u001b[31mreceived\u001b[39m\u001b[2m).\u001b[22mtoBe\u001b[2m(\u001b[22m\u001b[32mexpected\u001b[39m\u001b[2m) // Object.is equality\u001b[22m\n\nExpected: \u001b[32m200\u001b[39m\nReceived: \u001b[31m401\u001b[39m","name":"toBe","pass":false}}],"failureMessages":["Error: \u001b[2mexpect(\u001b[22m\u001b[31mreceived\u001b[39m\u001b[2m).\u001b[22mtoBe\u001b[2m(\u001b[22m\u001b[32mexpected\u001b[39m\u001b[2m) // Object.is equality\u001b[22m\n\nExpected: \u001b[32m200\u001b[39m\nReceived: \u001b[31m401\u001b[39m\n    at getOperatorToken (/home/manoj/Desktop/WEB_API_CW_code (copy)/WebAPI_CW_COBSCCOMP4Y241P-007/src/test/busLocations.test.js:25:27)\n    at processTicksAndRejections (node:internal/process/task_queues:105:5)\n    at Object.<anonymous> (/home/manoj/Desktop/WEB_API_CW_code (copy)/WebAPI_CW_COBSCCOMP4Y241P-007/src/test/busLocations.test.js:150:27)"],"fullName":"Location rate limiting write endpoint enforces tighter rate limits","invocations":1,"location":null,"numPassingAsserts":0,"retryReasons":[],"status":"failed","title":"write endpoint enforces tighter rate limits"}],"endTime":1760361207822,"message":"\u001b[1m\u001b[31m  \u001b[1m● \u001b[22m\u001b[1mBus location endpoints › history endpoint supports time, bbox, and limit filters\u001b[39m\u001b[22m\n\n    \u001b[2mexpect(\u001b[22m\u001b[31mreceived\u001b[39m\u001b[2m).\u001b[22mtoBe\u001b[2m(\u001b[22m\u001b[32mexpected\u001b[39m\u001b[2m) // Object.is equality\u001b[22m\n\n    Expected: \u001b[32m200\u001b[39m\n    Received: \u001b[31m401\u001b[39m\n\u001b[2m\u001b[22m\n\u001b[2m    \u001b[0m \u001b[90m 23 |\u001b[39m   \u001b[36mconst\u001b[39m { email } \u001b[33m=\u001b[39m \u001b[36mawait\u001b[39m ensureOperatorAccount()\u001b[22m\n\u001b[2m     \u001b[90m 24 |\u001b[39m   \u001b[36mconst\u001b[39m loginRes \u001b[33m=\u001b[39m \u001b[36mawait\u001b[39m request(base())\u001b[33m.\u001b[39mpost(\u001b[32m'/auth/login'\u001b[39m)\u001b[33m.\u001b[39msend({ email\u001b[33m,\u001b[39m password\u001b[33m:\u001b[39m \u001b[33mPASSWORD\u001b[39m })\u001b[22m\n\u001b[2m    \u001b[31m\u001b[1m>\u001b[22m\u001b[2m\u001b[39m\u001b[90m 25 |\u001b[39m   expect(loginRes\u001b[33m.\u001b[39mstatus)\u001b[33m.\u001b[39mtoBe(\u001b[35m200\u001b[39m)\u001b[22m\n\u001b[2m     \u001b[90m    |\u001b[39m                           \u001b[31m\u001b[1m^\u001b[22m\u001b[2m\u001b[39m\u001b[22m\n\u001b[2m     \u001b[90m 26 |\u001b[39m   \u001b[36mreturn\u001b[39m loginRes\u001b[33m.\u001b[39mbody\u001b[33m.\u001b[39maccessToken\u001b[22m\n\u001b[2m     \u001b[90m 27 |\u001b[39m }\u001b[22m\n\u001b[2m     \u001b[90m 28 |\u001b[39m\u001b[0m\u001b[22m\n\u001b[2m\u001b[22m\n\u001b[2m      \u001b[2mat getOperatorToken (/home/manoj/Desktop/WEB_API_CW_code (copy)\u001b[22m\u001b[2m../../../../../WebAPI_CW_COBSCCOMP4Y241P-007/src/test/busLocations.test.js\u001b[2m:25:27)\u001b[22m\u001b[2m\u001b[22m\n\u001b[2m      \u001b[2mat Object.<anonymous> (/home/manoj/Desktop/WEB_API_CW_code (copy)\u001b[22m\u001b[2m../../../../../WebAPI_CW_COBSCCOMP4Y241P-007/src/test/busLocations.test.js\u001b[2m:82:27)\u001b[22m\u001b[2m\u001b[22m\n\n\u001b[1m\u001b[31m  \u001b[1m● \u001b[22m\u001b[1mBus location endpoints › validation errors return 422 and unknown bus returns 404\u001b[39m\u001b[22m\n\n    \u001b[2mexpect(\u001b[22m\u001b[31mreceived\u001b[39m\u001b[2m).\u001b[22mtoBe\u001b[2m(\u001b[22m\u001b[32mexpected\u001b[39m\u001b[2m) // Object.is equality\u001b[22m\n\n    Expected: \u001b[32m200\u001b[39m\n    Received: \u001b[31m401\u001b[39m\n\u001b[2m\u001b[22m\n\u001b[2m    \u001b[0m \u001b[90m 23 |\u001b[39m   \u001b[36mconst\u001b[39m { email } \u001b[33m=\u001b[39m \u001b[36mawait\u001b[39m ensureOperatorAccount()\u001b[22m\n\u001b[2m     \u001b[90m 24 |\u001b[39m   \u001b[36mconst\u001b[39m loginRes \u001b[33m=\u001b[39m \u001b[36mawait\u001b[39m request(base())\u001b[33m.\u001b[39mpost(\u001b[32m'/auth/login'\u001b[39m)\u001b[33m.\u001b[39msend({ email\u001b[33m,\u001b[39m password\u001b[33m:\u001b[39m \u001b[33mPASSWORD\u001b[39m })\u001b[22m\n\u001b[2m    \u001b[31m\u001b[1m>\u001b[22m\u001b[2m\u001b[39m\u001b[90m 25 |\u001b[39m   expect(loginRes\u001b[33m.\u001b[39mstatus)\u001b[33m.\u001b[39mtoBe(\u001b[35m200\u001b[39m)\u001b[22m\n\u001b[2m     \u001b[90m    |\u001b[39m                           \u001b[31m\u001b[1m^\u001b[22m\u001b[2m\u001b[39m\u001b[22m\n\u001b[2m     \u001b[90m 26 |\u001b[39m   \u001b[36mreturn\u001b[39m loginRes\u001b[33m.\u001b[39mbody\u001b[33m.\u001b[39maccessToken\u001b[22m\n\u001b[2m     \u001b[90m 27 |\u001b[39m }\u001b[22m\n\u001b[2m     \u001b[90m 28 |\u001b[39m\u001b[0m\u001b[22m\n\u001b[2m\u001b[22m\n\u001b[2m      \u001b[2mat getOperatorToken (/home/manoj/Desktop/WEB_API_CW_code (copy)\u001b[22m\u001b[2m../../../../../WebAPI_CW_COBSCCOMP4Y241P-007/src/test/busLocations.test.js\u001b[2m:25:27)\u001b[22m\u001b[2m\u001b[22m\n\u001b[2m      \u001b[2mat Object.<anonymous> (/home/manoj/Desktop/WEB_API_CW_code (copy)\u001b[22m\u001b[2m../../../../../WebAPI_CW_COBSCCOMP4Y241P-007/src/test/busLocations.test.js\u001b[2m:120:27)\u001b[22m\u001b[2m\u001b[22m\n\n\u001b[1m\u001b[31m  \u001b[1m● \u001b[22m\u001b[1mBus location endpoints › operators cannot mutate locations for buses owned by other operators\u001b[39m\u001b[22m\n\n    \u001b[2mexpect(\u001b[22m\u001b[31mreceived\u001b[39m\u001b[2m).\u001b[22mtoBe\u001b[2m(\u001b[22m\u001b[32mexpected\u001b[39m\u001b[2m) // Object.is equality\u001b[22m\n\n    Expected: \u001b[32m200\u001b[39m\n    Received: \u001b[31m401\u001b[39m\n\u001b[2m\u001b[22m\n\u001b[2m    \u001b[0m \u001b[90m 23 |\u001b[39m   \u001b[36mconst\u001b[39m { email } \u001b[33m=\u001b[39m \u001b[36mawait\u001b[39m ensureOperatorAccount()\u001b[22m\n\u001b[2m     \u001b[90m 24 |\u001b[39m   \u001b[36mconst\u001b[39m loginRes \u001b[33m=\u001b[39m \u001b[36mawait\u001b[39m request(base())\u001b[33m.\u001b[39mpost(\u001b[32m'/auth/login'\u001b[39m)\u001b[33m.\u001b[39msend({ email\u001b[33m,\u001b[39m password\u001b[33m:\u001b[39m \u001b[33mPASSWORD\u001b[39m })\u001b[22m\n\u001b[2m    \u001b[31m\u001b[1m>\u001b[22m\u001b[2m\u001b[39m\u001b[90m 25 |\u001b[39m   expect(loginRes\u001b[33m.\u001b[39mstatus)\u001b[33m.\u001b[39mtoBe(\u001b[35m200\u001b[39m)\u001b[22m\n\u001b[2m     \u001b[90m    |\u001b[39m                           \u001b[31m\u001b[1m^\u001b[22m\u001b[2m\u001b[39m\u001b[22m\n\u001b[2m     \u001b[90m 26 |\u001b[39m   \u001b[36mreturn\u001b[39m loginRes\u001b[33m.\u001b[39mbody\u001b[33m.\u001b[39maccessToken\u001b[22m\n\u001b[2m     \u001b[90m 27 |\u001b[39m }\u001b[22m\n\u001b[2m     \u001b[90m 28 |\u001b[39m\u001b[0m\u001b[22m\n\u001b[2m\u001b[22m\n\u001b[2m      \u001b[2mat getOperatorToken (/home/manoj/Desktop/WEB_API_CW_code (copy)\u001b[22m\u001b[2m../../../../../WebAPI_CW_COBSCCOMP4Y241P-007/src/test/busLocations.test.js\u001b[2m:25:27)\u001b[22m\u001b[2m\u001b[22m\n\u001b[2m      \u001b[2mat Object.<anonymous> (/home/manoj/Desktop/WEB_API_CW_code (copy)\u001b[22m\u001b[2m../../../../../WebAPI_CW_COBSCCOMP4Y241P-007/src/test/busLocations.test.js\u001b[2m:135:27)\u001b[22m\u001b[2m\u001b[22m\n\n\u001b[1m\u001b[31m  \u001b[1m● \u001b[22m\u001b[1mLocation rate limiting › write endpoint enforces tighter rate limits\u001b[39m\u001b[22m\n\n    \u001b[2mexpect(\u001b[22m\u001b[31mreceived\u001b[39m\u001b[2m).\u001b[22mtoBe\u001b[2m(\u001b[22m\u001b[32mexpected\u001b[39m\u001b[2m) // Object.is equality\u001b[22m\n\n    Expected: \u001b[32m200\u001b[39m\n    Received: \u001b[31m401\u001b[39m\n\u001b[2m\u001b[22m\n\u001b[2m    \u001b[0m \u001b[90m 23 |\u001b[39m   \u001b[36mconst\u001b[39m { email } \u001b[33m=\u001b[39m \u001b[36mawait\u001b[39m ensureOperatorAccount()\u001b[22m\n\u001b[2m     \u001b[90m 24 |\u001b[39m   \u001b[36mconst\u001b[39m loginRes \u001b[33m=\u001b[39m \u001b[36mawait\u001b[39m request(base())\u001b[33m.\u001b[39mpost(\u001b[32m'/auth/login'\u001b[39m)\u001b[33m.\u001b[39msend({ email\u001b[33m,\u001b[39m password\u001b[33m:\u001b[39m \u001b[33mPASSWORD\u001b[39m })\u001b[22m\n\u001b[2m    \u001b[31m\u001b[1m>\u001b[22m\u001b[2m\u001b[39m\u001b[90m 25 |\u001b[39m   expect(loginRes\u001b[33m.\u001b[39mstatus)\u001b[33m.\u001b[39mtoBe(\u001b[35m200\u001b[39m)\u001b[22m\n\u001b[2m     \u001b[90m    |\u001b[39m                           \u001b[31m\u001b[1m^\u001b[22m\u001b[2m\u001b[39m\u001b[22m\n\u001b[2m     \u001b[90m 26 |\u001b[39m   \u001b[36mreturn\u001b[39m loginRes\u001b[33m.\u001b[39mbody\u001b[33m.\u001b[39maccessToken\u001b[22m\n\u001b[2m     \u001b[90m 27 |\u001b[39m }\u001b[22m\n\u001b[2m     \u001b[90m 28 |\u001b[39m\u001b[0m\u001b[22m\n\u001b[2m\u001b[22m\n\u001b[2m      \u001b[2mat getOperatorToken (/home/manoj/Desktop/WEB_API_CW_code (copy)\u001b[22m\u001b[2m../../../../../WebAPI_CW_COBSCCOMP4Y241P-007/src/test/busLocations.test.js\u001b[2m:25:27)\u001b[22m\u001b[2m\u001b[22m\n\u001b[2m      \u001b[2mat Object.<anonymous> (/home/manoj/Desktop/WEB_API_CW_code (copy)\u001b[22m\u001b[2m../../../../../WebAPI_CW_COBSCCOMP4Y241P-007/src/test/busLocations.test.js\u001b[2m:150:27)\u001b[22m\u001b[2m\u001b[22m\n","name":"/home/manoj/Desktop/WEB_API_CW_code (copy)/WebAPI_CW_COBSCCOMP4Y241P-007/src/test/busLocations.test.js","startTime":1760361202597,"status":"failed","summary":""},{"assertionResults":[{"ancestorTitles":["Trip CRUD with RBAC"],"duration":4717,"failureDetails":[],"failureMessages":[],"fullName":"Trip CRUD with RBAC operator can manage own trip, others blocked, validation enforced","invocations":1,"location":null,"numPassingAsserts":19,"retryReasons":[],"status":"passed","title":"operator can manage own trip, others blocked, validation enforced"}],"endTime":1760361214364,"message":"","name":"/home/manoj/Desktop/WEB_API_CW_code (copy)/WebAPI_CW_COBSCCOMP4Y241P-007/src/test/tripsCrud.test.js","startTime":1760361207848,"status":"passed","summary":""},{"assertionResults":[{"ancestorTitles":[],"duration":1416,"failureDetails":[],"failureMessages":[],"fullName":"alerts POST requires admin/operator; succeeds with token","invocations":1,"location":null,"numPassingAsserts":4,"retryReasons":[],"status":"passed","title":"alerts POST requires admin/operator; succeeds with token"},{"ancestorTitles":[],"duration":844,"failureDetails":[],"failureMessages":[],"fullName":"refresh token is rejected after logout","invocations":1,"location":null,"numPassingAsserts":5,"retryReasons":[],"status":"passed","title":"refresh token is rejected after logout"},{"ancestorTitles":[],"duration":411,"failureDetails":[],"failureMessages":[],"fullName":"registration always returns commuter role even when role provided","invocations":1,"location":null,"numPassingAsserts":2,"retryReasons":[],"status":"passed","title":"registration always returns commuter role even when role provided"},{"ancestorTitles":[],"duration":2148,"failureDetails":[],"failureMessages":[],"fullName":"PATCH /api/v1/users/:id/role enforces admin access and validates payload","invocations":1,"location":null,"numPassingAsserts":8,"retryReasons":[],"status":"passed","title":"PATCH /api/v1/users/:id/role enforces admin access and validates payload"}],"endTime":1760361221021,"message":"","name":"/home/manoj/Desktop/WEB_API_CW_code (copy)/WebAPI_CW_COBSCCOMP4Y241P-007/src/test/auth.test.js","startTime":1760361214387,"status":"passed","summary":""},{"assertionResults":[{"ancestorTitles":["Bus CRUD with RBAC"],"duration":4650,"failureDetails":[],"failureMessages":[],"fullName":"Bus CRUD with RBAC operator manages own bus while others blocked","invocations":1,"location":null,"numPassingAsserts":15,"retryReasons":[],"status":"passed","title":"operator manages own bus while others blocked"},{"ancestorTitles":["Bus CRUD with RBAC"],"duration":1572,"failureDetails":[],"failureMessages":[],"fullName":"Bus CRUD with RBAC operator cannot delete buses without ownership but admin can","invocations":1,"location":null,"numPassingAsserts":7,"retryReasons":[],"status":"passed","title":"operator cannot delete buses without ownership but admin can"}],"endTime":1760361228827,"message":"","name":"/home/manoj/Desktop/WEB_API_CW_code (copy)/WebAPI_CW_COBSCCOMP4Y241P-007/src/test/busesCrud.test.js","startTime":1760361221045,"status":"passed","summary":""},{"assertionResults":[{"ancestorTitles":["Alerts ownership enforcement"],"duration":4776,"failureDetails":[],"failureMessages":[],"fullName":"Alerts ownership enforcement operators are restricted to their own alerts while admins can override","invocations":1,"location":null,"numPassingAsserts":15,"retryReasons":[],"status":"passed","title":"operators are restricted to their own alerts while admins can override"}],"endTime":1760361235054,"message":"","name":"/home/manoj/Desktop/WEB_API_CW_code (copy)/WebAPI_CW_COBSCCOMP4Y241P-007/src/test/alertsOwnership.test.js","startTime":1760361228852,"status":"passed","summary":""},{"assertionResults":[{"ancestorTitles":["API response shapes"],"duration":496,"failureDetails":[],"failureMessages":[],"fullName":"API response shapes list endpoints include pagination metadata","invocations":1,"location":null,"numPassingAsserts":7,"retryReasons":[],"status":"passed","title":"list endpoints include pagination metadata"},{"ancestorTitles":["API response shapes"],"duration":816,"failureDetails":[],"failureMessages":[],"fullName":"API response shapes alerts list paginates controller results","invocations":1,"location":null,"numPassingAsserts":5,"retryReasons":[],"status":"passed","title":"alerts list paginates controller results"},{"ancestorTitles":["API response shapes"],"duration":113,"failureDetails":[],"failureMessages":[],"fullName":"API response shapes validation errors follow unified error payload","invocations":1,"location":null,"numPassingAsserts":2,"retryReasons":[],"status":"passed","title":"validation errors follow unified error payload"}],"endTime":1760361239879,"message":"","name":"/home/manoj/Desktop/WEB_API_CW_code (copy)/WebAPI_CW_COBSCCOMP4Y241P-007/src/test/responseShapes.test.js","startTime":1760361235089,"status":"passed","summary":""},{"assertionResults":[{"ancestorTitles":["Collection ETag behaviour"],"duration":1836,"failureDetails":[],"failureMessages":[],"fullName":"Collection ETag behaviour routes list exposes stable ETag and returns 304 when unchanged","invocations":1,"location":null,"numPassingAsserts":9,"retryReasons":[],"status":"passed","title":"routes list exposes stable ETag and returns 304 when unchanged"},{"ancestorTitles":["Collection ETag behaviour"],"duration":645,"failureDetails":[],"failureMessages":[],"fullName":"Collection ETag behaviour stops list exposes stable ETag and returns 304 when unchanged","invocations":1,"location":null,"numPassingAsserts":8,"retryReasons":[],"status":"passed","title":"stops list exposes stable ETag and returns 304 when unchanged"}],"endTime":1760361243919,"message":"","name":"/home/manoj/Desktop/WEB_API_CW_code (copy)/WebAPI_CW_COBSCCOMP4Y241P-007/src/test/cacheHeaders.test.js","startTime":1760361239907,"status":"passed","summary":""},{"assertionResults":[{"ancestorTitles":["GET /api/v1/departures/nearby"],"duration":2273,"failureDetails":[],"failureMessages":[],"fullName":"GET /api/v1/departures/nearby returns departures within radius sorted by departure time","invocations":1,"location":null,"numPassingAsserts":19,"retryReasons":[],"status":"passed","title":"returns departures within radius sorted by departure time"},{"ancestorTitles":["GET /api/v1/departures/nearby"],"duration":103,"failureDetails":[],"failureMessages":[],"fullName":"GET /api/v1/departures/nearby validates required coordinates","invocations":1,"location":null,"numPassingAsserts":2,"retryReasons":[],"status":"passed","title":"validates required coordinates"}],"endTime":1760361247962,"message":"","name":"/home/manoj/Desktop/WEB_API_CW_code (copy)/WebAPI_CW_COBSCCOMP4Y241P-007/src/test/departuresNearby.test.js","startTime":1760361243943,"status":"passed","summary":""},{"assertionResults":[{"ancestorTitles":["GET /api/v1/trips/search"],"duration":2026,"failureDetails":[],"failureMessages":[],"fullName":"GET /api/v1/trips/search filters trips by stops and departure window","invocations":1,"location":null,"numPassingAsserts":7,"retryReasons":[],"status":"passed","title":"filters trips by stops and departure window"},{"ancestorTitles":["GET /api/v1/trips/search"],"duration":394,"failureDetails":[],"failureMessages":[],"fullName":"GET /api/v1/trips/search returns 422 for inverted time ranges","invocations":1,"location":null,"numPassingAsserts":2,"retryReasons":[],"status":"passed","title":"returns 422 for inverted time ranges"}],"endTime":1760361251858,"message":"","name":"/home/manoj/Desktop/WEB_API_CW_code (copy)/WebAPI_CW_COBSCCOMP4Y241P-007/src/test/tripSearch.test.js","startTime":1760361247987,"status":"passed","summary":""},{"assertionResults":[{"ancestorTitles":["TripService.search"],"duration":1878,"failureDetails":[],"failureMessages":[],"fullName":"TripService.search returns trips ordered by schedDepart with populated stops","invocations":1,"location":null,"numPassingAsserts":7,"retryReasons":[],"status":"passed","title":"returns trips ordered by schedDepart with populated stops"}],"endTime":1760361255238,"message":"","name":"/home/manoj/Desktop/WEB_API_CW_code (copy)/WebAPI_CW_COBSCCOMP4Y241P-007/src/test/tripSearch.service.test.js","startTime":1760361251882,"status":"passed","summary":""},{"assertionResults":[{"ancestorTitles":["datetime utilities"],"duration":1199,"failureDetails":[],"failureMessages":[],"fullName":"datetime utilities service timezone constant is Asia/Colombo","invocations":1,"location":null,"numPassingAsserts":1,"retryReasons":[],"status":"passed","title":"service timezone constant is Asia/Colombo"},{"ancestorTitles":["datetime utilities"],"duration":128,"failureDetails":[],"failureMessages":[],"fullName":"datetime utilities getServiceDateRange honors Asia/Colombo midnight boundaries","invocations":1,"location":null,"numPassingAsserts":2,"retryReasons":[],"status":"passed","title":"getServiceDateRange honors Asia/Colombo midnight boundaries"},{"ancestorTitles":["datetime utilities"],"duration":84,"failureDetails":[],"failureMessages":[],"fullName":"datetime utilities combineServiceDateAndTime merges date/time in service zone","invocations":1,"location":null,"numPassingAsserts":1,"retryReasons":[],"status":"passed","title":"combineServiceDateAndTime merges date/time in service zone"},{"ancestorTitles":["datetime utilities"],"duration":74,"failureDetails":[],"failureMessages":[],"fullName":"datetime utilities parseDateTimeInput accepts ISO instants and local dates","invocations":1,"location":null,"numPassingAsserts":2,"retryReasons":[],"status":"passed","title":"parseDateTimeInput accepts ISO instants and local dates"},{"ancestorTitles":["datetime utilities"],"duration":143,"failureDetails":[],"failureMessages":[],"fullName":"datetime utilities ensureStartBeforeEnd throws when start is after end","invocations":1,"location":null,"numPassingAsserts":1,"retryReasons":[],"status":"passed","title":"ensureStartBeforeEnd throws when start is after end"}],"endTime":1760361258413,"message":"","name":"/home/manoj/Desktop/WEB_API_CW_code (copy)/WebAPI_CW_COBSCCOMP4Y241P-007/src/test/datetimeUtils.test.js","startTime":1760361255260,"status":"passed","summary":""},{"assertionResults":[{"ancestorTitles":[],"duration":1275,"failureDetails":[],"failureMessages":[],"fullName":"GET /healthz returns ok","invocations":1,"location":null,"numPassingAsserts":2,"retryReasons":[],"status":"passed","title":"GET /healthz returns ok"}],"endTime":1760361261214,"message":"","name":"/home/manoj/Desktop/WEB_API_CW_code (copy)/WebAPI_CW_COBSCCOMP4Y241P-007/src/test/health.test.js","startTime":1760361258434,"status":"passed","summary":""}],"wasInterrupted":false,"coverageMap":{"/home/manoj/Desktop/WEB_API_CW_code (copy)/WebAPI_CW_COBSCCOMP4Y241P-007/src/modules/routes/routes.model.js":{"path":"/home/manoj/Desktop/WEB_API_CW_code (copy)/WebAPI_CW_COBSCCOMP4Y241P-007/src/modules/routes/routes.model.js","statementMap":{"0":{"start":{"line":3,"column":21},"end":{"line":12,"column":1}}},"fnMap":{},"branchMap":{},"s":{"0":13},"f":{},"b":{},"inputSourceMap":null,"_coverageSchema":"1a1c01bbd47fc00a2c39e90264f33305004495a9","hash":"a347dd0a4afbe06aa8cfe8b21df593e624ee018a"},"/home/manoj/Desktop/WEB_API_CW_code (copy)/WebAPI_CW_COBSCCOMP4Y241P-007/src/modules/users/users.model.js":{"path":"/home/manoj/Desktop/WEB_API_CW_code (copy)/WebAPI_CW_COBSCCOMP4Y241P-007/src/modules/users/users.model.js","statementMap":{"0":{"start":{"line":3,"column":19},"end":{"line":3,"column":27}},"1":{"start":{"line":5,"column":19},"end":{"line":5,"column":52}},"2":{"start":{"line":7,"column":19},"end":{"line":15,"column":1}},"3":{"start":{"line":17,"column":20},"end":{"line":17,"column":78}}},"fnMap":{},"branchMap":{"0":{"loc":{"start":{"line":17,"column":20},"end":{"line":17,"column":78}},"type":"binary-expr","locations":[{"start":{"line":17,"column":20},"end":{"line":17,"column":40}},{"start":{"line":17,"column":44},"end":{"line":17,"column":78}}],"line":17}},"s":{"0":13,"1":13,"2":13,"3":13},"f":{},"b":{"0":[13,13]},"inputSourceMap":null,"_coverageSchema":"1a1c01bbd47fc00a2c39e90264f33305004495a9","hash":"050e0a6e393fbb2b2a2824ead09c3e769946c585"},"/home/manoj/Desktop/WEB_API_CW_code (copy)/WebAPI_CW_COBSCCOMP4Y241P-007/src/routes/health.js":{"path":"/home/manoj/Desktop/WEB_API_CW_code (copy)/WebAPI_CW_COBSCCOMP4Y241P-007/src/routes/health.js","statementMap":{"0":{"start":{"line":3,"column":15},"end":{"line":3,"column":23}},"1":{"start":{"line":5,"column":0},"end":{"line":7,"column":2}},"2":{"start":{"line":6,"column":2},"end":{"line":6,"column":40}}},"fnMap":{"0":{"name":"(anonymous_0)","decl":{"start":{"line":5,"column":23},"end":{"line":5,"column":24}},"loc":{"start":{"line":5,"column":37},"end":{"line":7,"column":1}},"line":5}},"branchMap":{},"s":{"0":13,"1":13,"2":1},"f":{"0":1},"b":{},"inputSourceMap":null,"_coverageSchema":"1a1c01bbd47fc00a2c39e90264f33305004495a9","hash":"2bdecba133fa493235c72bc2216135d212a4451e"},"/home/manoj/Desktop/WEB_API_CW_code (copy)/WebAPI_CW_COBSCCOMP4Y241P-007/src/modules/common/pagination.js":{"path":"/home/manoj/Desktop/WEB_API_CW_code (copy)/WebAPI_CW_COBSCCOMP4Y241P-007/src/modules/common/pagination.js","statementMap":{"0":{"start":{"line":2,"column":15},"end":{"line":2,"column":64}},"1":{"start":{"line":3,"column":19},"end":{"line":3,"column":51}},"2":{"start":{"line":4,"column":16},"end":{"line":4,"column":82}},"3":{"start":{"line":5,"column":15},"end":{"line":5,"column":70}},"4":{"start":{"line":6,"column":2},"end":{"line":6,"column":30}},"5":{"start":{"line":10,"column":16},"end":{"line":10,"column":28}},"6":{"start":{"line":11,"column":16},"end":{"line":11,"column":34}},"7":{"start":{"line":12,"column":14},"end":{"line":12,"column":27}},"8":{"start":{"line":13,"column":2},"end":{"line":13,"column":62}}},"fnMap":{"0":{"name":"parsePagination","decl":{"start":{"line":1,"column":16},"end":{"line":1,"column":31}},"loc":{"start":{"line":1,"column":39},"end":{"line":7,"column":1}},"line":1},"1":{"name":"paginate","decl":{"start":{"line":9,"column":16},"end":{"line":9,"column":24}},"loc":{"start":{"line":9,"column":49},"end":{"line":14,"column":1}},"line":9}},"branchMap":{"0":{"loc":{"start":{"line":2,"column":27},"end":{"line":2,"column":63}},"type":"binary-expr","locations":[{"start":{"line":2,"column":27},"end":{"line":2,"column":58}},{"start":{"line":2,"column":62},"end":{"line":2,"column":63}}],"line":2},"1":{"loc":{"start":{"line":4,"column":42},"end":{"line":4,"column":80}},"type":"cond-expr","locations":[{"start":{"line":4,"column":67},"end":{"line":4,"column":69}},{"start":{"line":4,"column":72},"end":{"line":4,"column":80}}],"line":4},"2":{"loc":{"start":{"line":5,"column":15},"end":{"line":5,"column":70}},"type":"cond-expr","locations":[{"start":{"line":5,"column":48},"end":{"line":5,"column":58}},{"start":{"line":5,"column":61},"end":{"line":5,"column":70}}],"line":5}},"s":{"0":13,"1":13,"2":13,"3":13,"4":13,"5":0,"6":0,"7":0,"8":0},"f":{"0":13,"1":0},"b":{"0":[13,10],"1":[10,3],"2":[2,11]},"inputSourceMap":null,"_coverageSchema":"1a1c01bbd47fc00a2c39e90264f33305004495a9","hash":"48e4e12807d80a81f6c24fe57ca63dc7bdec04aa"},"/home/manoj/Desktop/WEB_API_CW_code (copy)/WebAPI_CW_COBSCCOMP4Y241P-007/src/modules/common/validate.js":{"path":"/home/manoj/Desktop/WEB_API_CW_code (copy)/WebAPI_CW_COBSCCOMP4Y241P-007/src/modules/common/validate.js","statementMap":{"0":{"start":{"line":4,"column":2},"end":{"line":4,"column":61}},"1":{"start":{"line":4,"column":45},"end":{"line":4,"column":61}},"2":{"start":{"line":5,"column":2},"end":{"line":5,"column":22}},"3":{"start":{"line":9,"column":12},"end":{"line":9,"column":38}},"4":{"start":{"line":10,"column":2},"end":{"line":10,"column":39}},"5":{"start":{"line":14,"column":14},"end":{"line":14,"column":16}},"6":{"start":{"line":15,"column":2},"end":{"line":15,"column":65}},"7":{"start":{"line":15,"column":24},"end":{"line":15,"column":65}},"8":{"start":{"line":15,"column":50},"end":{"line":15,"column":65}},"9":{"start":{"line":16,"column":2},"end":{"line":16,"column":12}}},"fnMap":{"0":{"name":"asString","decl":{"start":{"line":3,"column":16},"end":{"line":3,"column":24}},"loc":{"start":{"line":3,"column":32},"end":{"line":6,"column":1}},"line":3},"1":{"name":"asInt","decl":{"start":{"line":8,"column":16},"end":{"line":8,"column":21}},"loc":{"start":{"line":8,"column":39},"end":{"line":11,"column":1}},"line":8},"2":{"name":"pick","decl":{"start":{"line":13,"column":16},"end":{"line":13,"column":20}},"loc":{"start":{"line":13,"column":32},"end":{"line":17,"column":1}},"line":13}},"branchMap":{"0":{"loc":{"start":{"line":4,"column":2},"end":{"line":4,"column":61}},"type":"if","locations":[{"start":{"line":4,"column":2},"end":{"line":4,"column":61}},{"start":{},"end":{}}],"line":4},"1":{"loc":{"start":{"line":4,"column":6},"end":{"line":4,"column":43}},"type":"binary-expr","locations":[{"start":{"line":4,"column":6},"end":{"line":4,"column":25}},{"start":{"line":4,"column":29},"end":{"line":4,"column":43}}],"line":4},"2":{"loc":{"start":{"line":10,"column":9},"end":{"line":10,"column":39}},"type":"cond-expr","locations":[{"start":{"line":10,"column":27},"end":{"line":10,"column":35}},{"start":{"line":10,"column":38},"end":{"line":10,"column":39}}],"line":10},"3":{"loc":{"start":{"line":15,"column":24},"end":{"line":15,"column":65}},"type":"if","locations":[{"start":{"line":15,"column":24},"end":{"line":15,"column":65}},{"start":{},"end":{}}],"line":15}},"s":{"0":21,"1":20,"2":1,"3":0,"4":0,"5":7,"6":7,"7":40,"8":19,"9":7},"f":{"0":21,"1":0,"2":7},"b":{"0":[20,1],"1":[21,1],"2":[0,0],"3":[19,21]},"inputSourceMap":null,"_coverageSchema":"1a1c01bbd47fc00a2c39e90264f33305004495a9","hash":"0064db79a19e5646e1a7572d1b6f49975ca2d739"},"/home/manoj/Desktop/WEB_API_CW_code (copy)/WebAPI_CW_COBSCCOMP4Y241P-007/src/middleware/errors.js":{"path":"/home/manoj/Desktop/WEB_API_CW_code (copy)/WebAPI_CW_COBSCCOMP4Y241P-007/src/middleware/errors.js","statementMap":{"0":{"start":{"line":5,"column":14},"end":{"line":5,"column":42}},"1":{"start":{"line":6,"column":2},"end":{"line":8,"column":3}},"2":{"start":{"line":7,"column":4},"end":{"line":7,"column":25}},"3":{"start":{"line":9,"column":2},"end":{"line":9,"column":12}},"4":{"start":{"line":13,"column":28},"end":{"line":15,"column":1}},"5":{"start":{"line":13,"column":36},"end":{"line":15,"column":1}},"6":{"start":{"line":14,"column":2},"end":{"line":14,"column":49}},"7":{"start":{"line":19,"column":2},"end":{"line":19,"column":37}},"8":{"start":{"line":26,"column":18},"end":{"line":28,"column":62}},"9":{"start":{"line":30,"column":17},"end":{"line":30,"column":60}},"10":{"start":{"line":31,"column":18},"end":{"line":37,"column":3}},"11":{"start":{"line":40,"column":2},"end":{"line":40,"column":72}},"12":{"start":{"line":42,"column":2},"end":{"line":42,"column":34}}},"fnMap":{"0":{"name":"httpError","decl":{"start":{"line":4,"column":16},"end":{"line":4,"column":25}},"loc":{"start":{"line":4,"column":52},"end":{"line":10,"column":1}},"line":4},"1":{"name":"(anonymous_1)","decl":{"start":{"line":13,"column":28},"end":{"line":13,"column":29}},"loc":{"start":{"line":13,"column":36},"end":{"line":15,"column":1}},"line":13},"2":{"name":"(anonymous_2)","decl":{"start":{"line":13,"column":36},"end":{"line":13,"column":37}},"loc":{"start":{"line":13,"column":56},"end":{"line":15,"column":1}},"line":13},"3":{"name":"notFound","decl":{"start":{"line":18,"column":16},"end":{"line":18,"column":24}},"loc":{"start":{"line":18,"column":41},"end":{"line":20,"column":1}},"line":18},"4":{"name":"errorHandler","decl":{"start":{"line":24,"column":16},"end":{"line":24,"column":28}},"loc":{"start":{"line":24,"column":50},"end":{"line":43,"column":1}},"line":24}},"branchMap":{"0":{"loc":{"start":{"line":6,"column":2},"end":{"line":8,"column":3}},"type":"if","locations":[{"start":{"line":6,"column":2},"end":{"line":8,"column":3}},{"start":{},"end":{}}],"line":6},"1":{"loc":{"start":{"line":26,"column":18},"end":{"line":28,"column":62}},"type":"cond-expr","locations":[{"start":{"line":27,"column":6},"end":{"line":27,"column":9}},{"start":{"line":28,"column":6},"end":{"line":28,"column":62}}],"line":26},"2":{"loc":{"start":{"line":28,"column":23},"end":{"line":28,"column":61}},"type":"binary-expr","locations":[{"start":{"line":28,"column":23},"end":{"line":28,"column":34}},{"start":{"line":28,"column":38},"end":{"line":28,"column":61}}],"line":28},"3":{"loc":{"start":{"line":30,"column":17},"end":{"line":30,"column":60}},"type":"binary-expr","locations":[{"start":{"line":30,"column":17},"end":{"line":30,"column":31}},{"start":{"line":30,"column":35},"end":{"line":30,"column":53}},{"start":{"line":30,"column":57},"end":{"line":30,"column":60}}],"line":30},"4":{"loc":{"start":{"line":35,"column":10},"end":{"line":35,"column":75}},"type":"cond-expr","locations":[{"start":{"line":35,"column":42},"end":{"line":35,"column":70}},{"start":{"line":35,"column":73},"end":{"line":35,"column":75}}],"line":35}},"s":{"0":3,"1":3,"2":0,"3":3,"4":13,"5":169,"6":60,"7":0,"8":23,"9":23,"10":23,"11":23,"12":23},"f":{"0":3,"1":169,"2":60,"3":0,"4":23},"b":{"0":[0,3],"1":[23,0],"2":[0,0],"3":[23,0,0],"4":[0,23]},"inputSourceMap":null,"_coverageSchema":"1a1c01bbd47fc00a2c39e90264f33305004495a9","hash":"c22f2edc040e905e28d12d3dfb810a9703f18317"},"/home/manoj/Desktop/WEB_API_CW_code (copy)/WebAPI_CW_COBSCCOMP4Y241P-007/src/modules/routes/routes.service.js":{"path":"/home/manoj/Desktop/WEB_API_CW_code (copy)/WebAPI_CW_COBSCCOMP4Y241P-007/src/modules/routes/routes.service.js","statementMap":{"0":{"start":{"line":6,"column":2},"end":{"line":6,"column":61}},"1":{"start":{"line":6,"column":45},"end":{"line":6,"column":61}},"2":{"start":{"line":7,"column":14},"end":{"line":7,"column":34}},"3":{"start":{"line":8,"column":2},"end":{"line":8,"column":37}},"4":{"start":{"line":12,"column":2},"end":{"line":12,"column":61}},"5":{"start":{"line":12,"column":45},"end":{"line":12,"column":61}},"6":{"start":{"line":13,"column":14},"end":{"line":13,"column":27}},"7":{"start":{"line":14,"column":2},"end":{"line":16,"column":3}},"8":{"start":{"line":15,"column":4},"end":{"line":15,"column":66}},"9":{"start":{"line":17,"column":2},"end":{"line":17,"column":12}},"10":{"start":{"line":22,"column":2},"end":{"line":27,"column":3}},"11":{"start":{"line":23,"column":4},"end":{"line":26,"column":5}},"12":{"start":{"line":31,"column":2},"end":{"line":31,"column":21}},"13":{"start":{"line":32,"column":16},"end":{"line":32,"column":18}},"14":{"start":{"line":33,"column":2},"end":{"line":33,"column":73}},"15":{"start":{"line":33,"column":21},"end":{"line":33,"column":73}},"16":{"start":{"line":34,"column":2},"end":{"line":34,"column":70}},"17":{"start":{"line":34,"column":29},"end":{"line":34,"column":70}},"18":{"start":{"line":35,"column":2},"end":{"line":35,"column":64}},"19":{"start":{"line":35,"column":27},"end":{"line":35,"column":64}},"20":{"start":{"line":39,"column":2},"end":{"line":43,"column":3}},"21":{"start":{"line":40,"column":17},"end":{"line":40,"column":37}},"22":{"start":{"line":41,"column":16},"end":{"line":41,"column":43}},"23":{"start":{"line":42,"column":4},"end":{"line":42,"column":39}},"24":{"start":{"line":45,"column":15},"end":{"line":45,"column":33}},"25":{"start":{"line":46,"column":33},"end":{"line":50,"column":4}},"26":{"start":{"line":51,"column":2},"end":{"line":51,"column":78}},"27":{"start":{"line":55,"column":2},"end":{"line":55,"column":21}},"28":{"start":{"line":56,"column":2},"end":{"line":59,"column":3}},"29":{"start":{"line":58,"column":4},"end":{"line":58,"column":15}},"30":{"start":{"line":60,"column":2},"end":{"line":60,"column":41}},"31":{"start":{"line":64,"column":2},"end":{"line":64,"column":21}},"32":{"start":{"line":65,"column":2},"end":{"line":65,"column":46}},"33":{"start":{"line":69,"column":2},"end":{"line":69,"column":21}},"34":{"start":{"line":70,"column":14},"end":{"line":76,"column":3}},"35":{"start":{"line":78,"column":2},"end":{"line":80,"column":3}},"36":{"start":{"line":79,"column":4},"end":{"line":79,"column":91}},"37":{"start":{"line":82,"column":2},"end":{"line":88,"column":3}},"38":{"start":{"line":83,"column":20},"end":{"line":83,"column":43}},"39":{"start":{"line":84,"column":4},"end":{"line":84,"column":29}},"40":{"start":{"line":86,"column":4},"end":{"line":86,"column":80}},"41":{"start":{"line":86,"column":29},"end":{"line":86,"column":80}},"42":{"start":{"line":87,"column":4},"end":{"line":87,"column":13}},"43":{"start":{"line":92,"column":2},"end":{"line":92,"column":21}},"44":{"start":{"line":93,"column":2},"end":{"line":93,"column":55}},"45":{"start":{"line":93,"column":44},"end":{"line":93,"column":55}},"46":{"start":{"line":95,"column":20},"end":{"line":95,"column":22}},"47":{"start":{"line":96,"column":2},"end":{"line":100,"column":3}},"48":{"start":{"line":97,"column":17},"end":{"line":97,"column":46}},"49":{"start":{"line":98,"column":4},"end":{"line":98,"column":61}},"50":{"start":{"line":98,"column":15},"end":{"line":98,"column":61}},"51":{"start":{"line":99,"column":4},"end":{"line":99,"column":25}},"52":{"start":{"line":101,"column":2},"end":{"line":105,"column":3}},"53":{"start":{"line":102,"column":25},"end":{"line":102,"column":62}},"54":{"start":{"line":103,"column":4},"end":{"line":103,"column":77}},"55":{"start":{"line":103,"column":23},"end":{"line":103,"column":77}},"56":{"start":{"line":104,"column":4},"end":{"line":104,"column":41}},"57":{"start":{"line":106,"column":2},"end":{"line":110,"column":3}},"58":{"start":{"line":107,"column":23},"end":{"line":107,"column":58}},"59":{"start":{"line":108,"column":4},"end":{"line":108,"column":73}},"60":{"start":{"line":108,"column":21},"end":{"line":108,"column":73}},"61":{"start":{"line":109,"column":4},"end":{"line":109,"column":37}},"62":{"start":{"line":111,"column":2},"end":{"line":113,"column":3}},"63":{"start":{"line":112,"column":4},"end":{"line":112,"column":60}},"64":{"start":{"line":115,"column":2},"end":{"line":117,"column":3}},"65":{"start":{"line":116,"column":4},"end":{"line":116,"column":43}},"66":{"start":{"line":119,"column":18},"end":{"line":121,"column":11}},"67":{"start":{"line":122,"column":2},"end":{"line":122,"column":16}},"68":{"start":{"line":126,"column":2},"end":{"line":126,"column":21}},"69":{"start":{"line":127,"column":2},"end":{"line":127,"column":55}},"70":{"start":{"line":127,"column":44},"end":{"line":127,"column":55}},"71":{"start":{"line":128,"column":18},"end":{"line":128,"column":65}},"72":{"start":{"line":129,"column":2},"end":{"line":129,"column":30}}},"fnMap":{"0":{"name":"normalizeString","decl":{"start":{"line":5,"column":9},"end":{"line":5,"column":24}},"loc":{"start":{"line":5,"column":32},"end":{"line":9,"column":1}},"line":5},"1":{"name":"parseDistance","decl":{"start":{"line":11,"column":9},"end":{"line":11,"column":22}},"loc":{"start":{"line":11,"column":30},"end":{"line":18,"column":1}},"line":11},"2":{"name":"ensureDbConnected","decl":{"start":{"line":20,"column":9},"end":{"line":20,"column":26}},"loc":{"start":{"line":20,"column":29},"end":{"line":28,"column":1}},"line":20},"3":{"name":"findAll","decl":{"start":{"line":30,"column":22},"end":{"line":30,"column":29}},"loc":{"start":{"line":30,"column":62},"end":{"line":52,"column":1}},"line":30},"4":{"name":"findById","decl":{"start":{"line":54,"column":22},"end":{"line":54,"column":30}},"loc":{"start":{"line":54,"column":35},"end":{"line":61,"column":1}},"line":54},"5":{"name":"findByCode","decl":{"start":{"line":63,"column":22},"end":{"line":63,"column":32}},"loc":{"start":{"line":63,"column":39},"end":{"line":66,"column":1}},"line":63},"6":{"name":"create","decl":{"start":{"line":68,"column":22},"end":{"line":68,"column":28}},"loc":{"start":{"line":68,"column":35},"end":{"line":89,"column":1}},"line":68},"7":{"name":"update","decl":{"start":{"line":91,"column":22},"end":{"line":91,"column":28}},"loc":{"start":{"line":91,"column":42},"end":{"line":123,"column":1}},"line":91},"8":{"name":"remove","decl":{"start":{"line":125,"column":22},"end":{"line":125,"column":28}},"loc":{"start":{"line":125,"column":33},"end":{"line":130,"column":1}},"line":125}},"branchMap":{"0":{"loc":{"start":{"line":6,"column":2},"end":{"line":6,"column":61}},"type":"if","locations":[{"start":{"line":6,"column":2},"end":{"line":6,"column":61}},{"start":{},"end":{}}],"line":6},"1":{"loc":{"start":{"line":6,"column":6},"end":{"line":6,"column":43}},"type":"binary-expr","locations":[{"start":{"line":6,"column":6},"end":{"line":6,"column":25}},{"start":{"line":6,"column":29},"end":{"line":6,"column":43}}],"line":6},"2":{"loc":{"start":{"line":8,"column":9},"end":{"line":8,"column":37}},"type":"cond-expr","locations":[{"start":{"line":8,"column":22},"end":{"line":8,"column":25}},{"start":{"line":8,"column":28},"end":{"line":8,"column":37}}],"line":8},"3":{"loc":{"start":{"line":12,"column":2},"end":{"line":12,"column":61}},"type":"if","locations":[{"start":{"line":12,"column":2},"end":{"line":12,"column":61}},{"start":{},"end":{}}],"line":12},"4":{"loc":{"start":{"line":12,"column":6},"end":{"line":12,"column":43}},"type":"binary-expr","locations":[{"start":{"line":12,"column":6},"end":{"line":12,"column":25}},{"start":{"line":12,"column":29},"end":{"line":12,"column":43}}],"line":12},"5":{"loc":{"start":{"line":14,"column":2},"end":{"line":16,"column":3}},"type":"if","locations":[{"start":{"line":14,"column":2},"end":{"line":16,"column":3}},{"start":{},"end":{}}],"line":14},"6":{"loc":{"start":{"line":14,"column":6},"end":{"line":14,"column":39}},"type":"binary-expr","locations":[{"start":{"line":14,"column":6},"end":{"line":14,"column":27}},{"start":{"line":14,"column":31},"end":{"line":14,"column":39}}],"line":14},"7":{"loc":{"start":{"line":22,"column":2},"end":{"line":27,"column":3}},"type":"if","locations":[{"start":{"line":22,"column":2},"end":{"line":27,"column":3}},{"start":{},"end":{}}],"line":22},"8":{"loc":{"start":{"line":33,"column":2},"end":{"line":33,"column":73}},"type":"if","locations":[{"start":{"line":33,"column":2},"end":{"line":33,"column":73}},{"start":{},"end":{}}],"line":33},"9":{"loc":{"start":{"line":34,"column":2},"end":{"line":34,"column":70}},"type":"if","locations":[{"start":{"line":34,"column":2},"end":{"line":34,"column":70}},{"start":{},"end":{}}],"line":34},"10":{"loc":{"start":{"line":35,"column":2},"end":{"line":35,"column":64}},"type":"if","locations":[{"start":{"line":35,"column":2},"end":{"line":35,"column":64}},{"start":{},"end":{}}],"line":35},"11":{"loc":{"start":{"line":39,"column":2},"end":{"line":43,"column":3}},"type":"if","locations":[{"start":{"line":39,"column":2},"end":{"line":43,"column":3}},{"start":{},"end":{}}],"line":39},"12":{"loc":{"start":{"line":41,"column":16},"end":{"line":41,"column":43}},"type":"cond-expr","locations":[{"start":{"line":41,"column":23},"end":{"line":41,"column":36}},{"start":{"line":41,"column":39},"end":{"line":41,"column":43}}],"line":41},"13":{"loc":{"start":{"line":42,"column":24},"end":{"line":42,"column":37}},"type":"cond-expr","locations":[{"start":{"line":42,"column":31},"end":{"line":42,"column":33}},{"start":{"line":42,"column":36},"end":{"line":42,"column":37}}],"line":42},"14":{"loc":{"start":{"line":56,"column":2},"end":{"line":59,"column":3}},"type":"if","locations":[{"start":{"line":56,"column":2},"end":{"line":59,"column":3}},{"start":{},"end":{}}],"line":56},"15":{"loc":{"start":{"line":78,"column":2},"end":{"line":80,"column":3}},"type":"if","locations":[{"start":{"line":78,"column":2},"end":{"line":80,"column":3}},{"start":{},"end":{}}],"line":78},"16":{"loc":{"start":{"line":78,"column":6},"end":{"line":78,"column":100}},"type":"binary-expr","locations":[{"start":{"line":78,"column":6},"end":{"line":78,"column":15}},{"start":{"line":78,"column":19},"end":{"line":78,"column":28}},{"start":{"line":78,"column":32},"end":{"line":78,"column":49}},{"start":{"line":78,"column":53},"end":{"line":78,"column":68}},{"start":{"line":78,"column":72},"end":{"line":78,"column":100}}],"line":78},"17":{"loc":{"start":{"line":86,"column":4},"end":{"line":86,"column":80}},"type":"if","locations":[{"start":{"line":86,"column":4},"end":{"line":86,"column":80}},{"start":{},"end":{}}],"line":86},"18":{"loc":{"start":{"line":93,"column":2},"end":{"line":93,"column":55}},"type":"if","locations":[{"start":{"line":93,"column":2},"end":{"line":93,"column":55}},{"start":{},"end":{}}],"line":93},"19":{"loc":{"start":{"line":96,"column":2},"end":{"line":100,"column":3}},"type":"if","locations":[{"start":{"line":96,"column":2},"end":{"line":100,"column":3}},{"start":{},"end":{}}],"line":96},"20":{"loc":{"start":{"line":98,"column":4},"end":{"line":98,"column":61}},"type":"if","locations":[{"start":{"line":98,"column":4},"end":{"line":98,"column":61}},{"start":{},"end":{}}],"line":98},"21":{"loc":{"start":{"line":101,"column":2},"end":{"line":105,"column":3}},"type":"if","locations":[{"start":{"line":101,"column":2},"end":{"line":105,"column":3}},{"start":{},"end":{}}],"line":101},"22":{"loc":{"start":{"line":103,"column":4},"end":{"line":103,"column":77}},"type":"if","locations":[{"start":{"line":103,"column":4},"end":{"line":103,"column":77}},{"start":{},"end":{}}],"line":103},"23":{"loc":{"start":{"line":106,"column":2},"end":{"line":110,"column":3}},"type":"if","locations":[{"start":{"line":106,"column":2},"end":{"line":110,"column":3}},{"start":{},"end":{}}],"line":106},"24":{"loc":{"start":{"line":108,"column":4},"end":{"line":108,"column":73}},"type":"if","locations":[{"start":{"line":108,"column":4},"end":{"line":108,"column":73}},{"start":{},"end":{}}],"line":108},"25":{"loc":{"start":{"line":111,"column":2},"end":{"line":113,"column":3}},"type":"if","locations":[{"start":{"line":111,"column":2},"end":{"line":113,"column":3}},{"start":{},"end":{}}],"line":111},"26":{"loc":{"start":{"line":115,"column":2},"end":{"line":117,"column":3}},"type":"if","locations":[{"start":{"line":115,"column":2},"end":{"line":117,"column":3}},{"start":{},"end":{}}],"line":115},"27":{"loc":{"start":{"line":127,"column":2},"end":{"line":127,"column":55}},"type":"if","locations":[{"start":{"line":127,"column":2},"end":{"line":127,"column":55}},{"start":{},"end":{}}],"line":127},"28":{"loc":{"start":{"line":129,"column":9},"end":{"line":129,"column":30}},"type":"cond-expr","locations":[{"start":{"line":129,"column":19},"end":{"line":129,"column":23}},{"start":{"line":129,"column":26},"end":{"line":129,"column":30}}],"line":129}},"s":{"0":13,"1":0,"2":13,"3":13,"4":3,"5":0,"6":3,"7":3,"8":0,"9":3,"10":11,"11":0,"12":5,"13":5,"14":5,"15":1,"16":5,"17":0,"18":5,"19":0,"20":5,"21":1,"22":1,"23":1,"24":5,"25":5,"26":5,"27":1,"28":1,"29":0,"30":1,"31":0,"32":0,"33":3,"34":3,"35":3,"36":0,"37":3,"38":3,"39":3,"40":0,"41":0,"42":0,"43":1,"44":1,"45":0,"46":1,"47":1,"48":1,"49":1,"50":0,"51":1,"52":1,"53":0,"54":0,"55":0,"56":0,"57":1,"58":0,"59":0,"60":0,"61":0,"62":1,"63":0,"64":1,"65":0,"66":1,"67":1,"68":1,"69":1,"70":0,"71":1,"72":1},"f":{"0":13,"1":3,"2":11,"3":5,"4":1,"5":0,"6":3,"7":1,"8":1},"b":{"0":[0,13],"1":[13,13],"2":[13,0],"3":[0,3],"4":[3,3],"5":[0,3],"6":[3,3],"7":[0,11],"8":[1,4],"9":[0,5],"10":[0,5],"11":[1,4],"12":[0,1],"13":[0,1],"14":[0,1],"15":[0,3],"16":[3,3,3,3,3],"17":[0,0],"18":[0,1],"19":[1,0],"20":[0,1],"21":[0,1],"22":[0,0],"23":[0,1],"24":[0,0],"25":[0,1],"26":[0,1],"27":[0,1],"28":[1,0]},"inputSourceMap":null,"_coverageSchema":"1a1c01bbd47fc00a2c39e90264f33305004495a9","hash":"012f39dfa98ec568217c9172a281fc3bb91eb6ba"},"/home/manoj/Desktop/WEB_API_CW_code (copy)/WebAPI_CW_COBSCCOMP4Y241P-007/src/utils/etag.js":{"path":"/home/manoj/Desktop/WEB_API_CW_code (copy)/WebAPI_CW_COBSCCOMP4Y241P-007/src/utils/etag.js","statementMap":{"0":{"start":{"line":2,"column":16},"end":{"line":2,"column":50}},"1":{"start":{"line":3,"column":20},"end":{"line":3,"column":73}},"2":{"start":{"line":4,"column":2},"end":{"line":4,"column":36}}},"fnMap":{"0":{"name":"buildCollectionEtag","decl":{"start":{"line":1,"column":16},"end":{"line":1,"column":35}},"loc":{"start":{"line":1,"column":58},"end":{"line":5,"column":1}},"line":1}},"branchMap":{"0":{"loc":{"start":{"line":2,"column":16},"end":{"line":2,"column":50}},"type":"cond-expr","locations":[{"start":{"line":2,"column":41},"end":{"line":2,"column":46}},{"start":{"line":2,"column":49},"end":{"line":2,"column":50}}],"line":2},"1":{"loc":{"start":{"line":3,"column":20},"end":{"line":3,"column":73}},"type":"cond-expr","locations":[{"start":{"line":3,"column":36},"end":{"line":3,"column":69}},{"start":{"line":3,"column":72},"end":{"line":3,"column":73}}],"line":3}},"s":{"0":8,"1":8,"2":8},"f":{"0":8},"b":{"0":[8,0],"1":[8,0]},"inputSourceMap":null,"_coverageSchema":"1a1c01bbd47fc00a2c39e90264f33305004495a9","hash":"0e4c92ac1656c489050a9ad0a5ea7ee699f6c425"},"/home/manoj/Desktop/WEB_API_CW_code (copy)/WebAPI_CW_COBSCCOMP4Y241P-007/src/modules/routes/routes.controller.js":{"path":"/home/manoj/Desktop/WEB_API_CW_code (copy)/WebAPI_CW_COBSCCOMP4Y241P-007/src/modules/routes/routes.controller.js","statementMap":{"0":{"start":{"line":8,"column":32},"end":{"line":8,"column":58}},"1":{"start":{"line":10,"column":23},"end":{"line":10,"column":83}},"2":{"start":{"line":11,"column":18},"end":{"line":15,"column":3}},"3":{"start":{"line":17,"column":2},"end":{"line":31,"column":3}},"4":{"start":{"line":18,"column":19},"end":{"line":18,"column":72}},"5":{"start":{"line":19,"column":17},"end":{"line":19,"column":72}},"6":{"start":{"line":20,"column":4},"end":{"line":20,"column":41}},"7":{"start":{"line":20,"column":14},"end":{"line":20,"column":41}},"8":{"start":{"line":21,"column":4},"end":{"line":21,"column":106}},"9":{"start":{"line":21,"column":30},"end":{"line":21,"column":106}},"10":{"start":{"line":22,"column":4},"end":{"line":22,"column":57}},"11":{"start":{"line":24,"column":4},"end":{"line":26,"column":5}},"12":{"start":{"line":25,"column":6},"end":{"line":25,"column":34}},"13":{"start":{"line":28,"column":4},"end":{"line":28,"column":103}},"14":{"start":{"line":30,"column":4},"end":{"line":30,"column":20}},"15":{"start":{"line":35,"column":13},"end":{"line":35,"column":26}},"16":{"start":{"line":36,"column":2},"end":{"line":42,"column":3}},"17":{"start":{"line":37,"column":18},"end":{"line":37,"column":44}},"18":{"start":{"line":38,"column":4},"end":{"line":38,"column":62}},"19":{"start":{"line":38,"column":16},"end":{"line":38,"column":62}},"20":{"start":{"line":39,"column":4},"end":{"line":39,"column":26}},"21":{"start":{"line":41,"column":4},"end":{"line":41,"column":20}},"22":{"start":{"line":46,"column":15},"end":{"line":46,"column":30}},"23":{"start":{"line":47,"column":2},"end":{"line":53,"column":3}},"24":{"start":{"line":48,"column":18},"end":{"line":48,"column":48}},"25":{"start":{"line":49,"column":4},"end":{"line":49,"column":62}},"26":{"start":{"line":49,"column":16},"end":{"line":49,"column":62}},"27":{"start":{"line":50,"column":4},"end":{"line":50,"column":26}},"28":{"start":{"line":52,"column":4},"end":{"line":52,"column":20}},"29":{"start":{"line":57,"column":18},"end":{"line":57,"column":94}},"30":{"start":{"line":58,"column":2},"end":{"line":63,"column":3}},"31":{"start":{"line":59,"column":20},"end":{"line":59,"column":49}},"32":{"start":{"line":60,"column":4},"end":{"line":60,"column":40}},"33":{"start":{"line":62,"column":4},"end":{"line":62,"column":20}},"34":{"start":{"line":67,"column":13},"end":{"line":67,"column":26}},"35":{"start":{"line":68,"column":18},"end":{"line":68,"column":86}},"36":{"start":{"line":69,"column":2},"end":{"line":75,"column":3}},"37":{"start":{"line":70,"column":20},"end":{"line":70,"column":53}},"38":{"start":{"line":71,"column":4},"end":{"line":71,"column":64}},"39":{"start":{"line":71,"column":18},"end":{"line":71,"column":64}},"40":{"start":{"line":72,"column":4},"end":{"line":72,"column":28}},"41":{"start":{"line":74,"column":4},"end":{"line":74,"column":20}},"42":{"start":{"line":79,"column":13},"end":{"line":79,"column":26}},"43":{"start":{"line":80,"column":2},"end":{"line":86,"column":3}},"44":{"start":{"line":81,"column":20},"end":{"line":81,"column":44}},"45":{"start":{"line":82,"column":4},"end":{"line":82,"column":64}},"46":{"start":{"line":82,"column":18},"end":{"line":82,"column":64}},"47":{"start":{"line":83,"column":4},"end":{"line":83,"column":32}},"48":{"start":{"line":85,"column":4},"end":{"line":85,"column":20}}},"fnMap":{"0":{"name":"getRoutes","decl":{"start":{"line":7,"column":22},"end":{"line":7,"column":31}},"loc":{"start":{"line":7,"column":48},"end":{"line":32,"column":1}},"line":7},"1":{"name":"getRouteById","decl":{"start":{"line":34,"column":22},"end":{"line":34,"column":34}},"loc":{"start":{"line":34,"column":51},"end":{"line":43,"column":1}},"line":34},"2":{"name":"getRouteByCode","decl":{"start":{"line":45,"column":22},"end":{"line":45,"column":36}},"loc":{"start":{"line":45,"column":53},"end":{"line":54,"column":1}},"line":45},"3":{"name":"createRoute","decl":{"start":{"line":56,"column":22},"end":{"line":56,"column":33}},"loc":{"start":{"line":56,"column":50},"end":{"line":64,"column":1}},"line":56},"4":{"name":"updateRoute","decl":{"start":{"line":66,"column":22},"end":{"line":66,"column":33}},"loc":{"start":{"line":66,"column":50},"end":{"line":76,"column":1}},"line":66},"5":{"name":"deleteRoute","decl":{"start":{"line":78,"column":22},"end":{"line":78,"column":33}},"loc":{"start":{"line":78,"column":50},"end":{"line":87,"column":1}},"line":78}},"branchMap":{"0":{"loc":{"start":{"line":10,"column":23},"end":{"line":10,"column":83}},"type":"cond-expr","locations":[{"start":{"line":10,"column":62},"end":{"line":10,"column":78}},{"start":{"line":10,"column":81},"end":{"line":10,"column":83}}],"line":10},"1":{"loc":{"start":{"line":12,"column":19},"end":{"line":12,"column":67}},"type":"binary-expr","locations":[{"start":{"line":12,"column":19},"end":{"line":12,"column":36}},{"start":{"line":12,"column":40},"end":{"line":12,"column":67}}],"line":12},"2":{"loc":{"start":{"line":13,"column":27},"end":{"line":13,"column":91}},"type":"binary-expr","locations":[{"start":{"line":13,"column":27},"end":{"line":13,"column":52}},{"start":{"line":13,"column":56},"end":{"line":13,"column":91}}],"line":13},"3":{"loc":{"start":{"line":14,"column":25},"end":{"line":14,"column":85}},"type":"binary-expr","locations":[{"start":{"line":14,"column":25},"end":{"line":14,"column":48}},{"start":{"line":14,"column":52},"end":{"line":14,"column":85}}],"line":14},"4":{"loc":{"start":{"line":20,"column":4},"end":{"line":20,"column":41}},"type":"if","locations":[{"start":{"line":20,"column":4},"end":{"line":20,"column":41}},{"start":{},"end":{}}],"line":20},"5":{"loc":{"start":{"line":21,"column":4},"end":{"line":21,"column":106}},"type":"if","locations":[{"start":{"line":21,"column":4},"end":{"line":21,"column":106}},{"start":{},"end":{}}],"line":21},"6":{"loc":{"start":{"line":24,"column":4},"end":{"line":26,"column":5}},"type":"if","locations":[{"start":{"line":24,"column":4},"end":{"line":26,"column":5}},{"start":{},"end":{}}],"line":24},"7":{"loc":{"start":{"line":24,"column":8},"end":{"line":24,"column":53}},"type":"binary-expr","locations":[{"start":{"line":24,"column":8},"end":{"line":24,"column":12}},{"start":{"line":24,"column":16},"end":{"line":24,"column":53}}],"line":24},"8":{"loc":{"start":{"line":38,"column":4},"end":{"line":38,"column":62}},"type":"if","locations":[{"start":{"line":38,"column":4},"end":{"line":38,"column":62}},{"start":{},"end":{}}],"line":38},"9":{"loc":{"start":{"line":49,"column":4},"end":{"line":49,"column":62}},"type":"if","locations":[{"start":{"line":49,"column":4},"end":{"line":49,"column":62}},{"start":{},"end":{}}],"line":49},"10":{"loc":{"start":{"line":71,"column":4},"end":{"line":71,"column":64}},"type":"if","locations":[{"start":{"line":71,"column":4},"end":{"line":71,"column":64}},{"start":{},"end":{}}],"line":71},"11":{"loc":{"start":{"line":82,"column":4},"end":{"line":82,"column":64}},"type":"if","locations":[{"start":{"line":82,"column":4},"end":{"line":82,"column":64}},{"start":{},"end":{}}],"line":82}},"s":{"0":5,"1":5,"2":5,"3":5,"4":5,"5":5,"6":5,"7":5,"8":5,"9":5,"10":5,"11":5,"12":1,"13":4,"14":0,"15":1,"16":1,"17":1,"18":1,"19":1,"20":0,"21":0,"22":0,"23":0,"24":0,"25":0,"26":0,"27":0,"28":0,"29":3,"30":3,"31":3,"32":3,"33":0,"34":1,"35":1,"36":1,"37":1,"38":1,"39":0,"40":1,"41":0,"42":1,"43":1,"44":1,"45":1,"46":0,"47":1,"48":0},"f":{"0":5,"1":1,"2":0,"3":3,"4":1,"5":1},"b":{"0":[1,4],"1":[5,4],"2":[5,5],"3":[5,5],"4":[5,0],"5":[5,0],"6":[1,4],"7":[5,5],"8":[1,0],"9":[0,0],"10":[0,1],"11":[0,1]},"inputSourceMap":null,"_coverageSchema":"1a1c01bbd47fc00a2c39e90264f33305004495a9","hash":"4191197e5eee788707d51a3aad1e27fb44c140d8"},"/home/manoj/Desktop/WEB_API_CW_code (copy)/WebAPI_CW_COBSCCOMP4Y241P-007/src/middleware/auth.js":{"path":"/home/manoj/Desktop/WEB_API_CW_code (copy)/WebAPI_CW_COBSCCOMP4Y241P-007/src/middleware/auth.js","statementMap":{"0":{"start":{"line":6,"column":15},"end":{"line":6,"column":46}},"1":{"start":{"line":7,"column":16},"end":{"line":7,"column":69}},"2":{"start":{"line":8,"column":2},"end":{"line":8,"column":67}},"3":{"start":{"line":8,"column":14},"end":{"line":8,"column":67}},"4":{"start":{"line":9,"column":2},"end":{"line":15,"column":3}},"5":{"start":{"line":10,"column":20},"end":{"line":10,"column":86}},"6":{"start":{"line":11,"column":4},"end":{"line":11,"column":54}},"7":{"start":{"line":12,"column":4},"end":{"line":12,"column":17}},"8":{"start":{"line":14,"column":4},"end":{"line":14,"column":61}},"9":{"start":{"line":19,"column":2},"end":{"line":23,"column":3}},"10":{"start":{"line":20,"column":4},"end":{"line":20,"column":64}},"11":{"start":{"line":20,"column":19},"end":{"line":20,"column":64}},"12":{"start":{"line":21,"column":4},"end":{"line":21,"column":82}},"13":{"start":{"line":21,"column":40},"end":{"line":21,"column":82}},"14":{"start":{"line":22,"column":4},"end":{"line":22,"column":17}}},"fnMap":{"0":{"name":"verifyJWT","decl":{"start":{"line":5,"column":16},"end":{"line":5,"column":25}},"loc":{"start":{"line":5,"column":43},"end":{"line":16,"column":1}},"line":5},"1":{"name":"requireRole","decl":{"start":{"line":18,"column":16},"end":{"line":18,"column":27}},"loc":{"start":{"line":18,"column":38},"end":{"line":24,"column":1}},"line":18},"2":{"name":"(anonymous_2)","decl":{"start":{"line":19,"column":9},"end":{"line":19,"column":10}},"loc":{"start":{"line":19,"column":30},"end":{"line":23,"column":3}},"line":19}},"branchMap":{"0":{"loc":{"start":{"line":6,"column":15},"end":{"line":6,"column":46}},"type":"binary-expr","locations":[{"start":{"line":6,"column":15},"end":{"line":6,"column":40}},{"start":{"line":6,"column":44},"end":{"line":6,"column":46}}],"line":6},"1":{"loc":{"start":{"line":7,"column":16},"end":{"line":7,"column":69}},"type":"cond-expr","locations":[{"start":{"line":7,"column":45},"end":{"line":7,"column":62}},{"start":{"line":7,"column":65},"end":{"line":7,"column":69}}],"line":7},"2":{"loc":{"start":{"line":8,"column":2},"end":{"line":8,"column":67}},"type":"if","locations":[{"start":{"line":8,"column":2},"end":{"line":8,"column":67}},{"start":{},"end":{}}],"line":8},"3":{"loc":{"start":{"line":20,"column":4},"end":{"line":20,"column":64}},"type":"if","locations":[{"start":{"line":20,"column":4},"end":{"line":20,"column":64}},{"start":{},"end":{}}],"line":20},"4":{"loc":{"start":{"line":21,"column":4},"end":{"line":21,"column":82}},"type":"if","locations":[{"start":{"line":21,"column":4},"end":{"line":21,"column":82}},{"start":{},"end":{}}],"line":21}},"s":{"0":35,"1":35,"2":35,"3":2,"4":33,"5":33,"6":33,"7":33,"8":0,"9":182,"10":33,"11":0,"12":33,"13":2,"14":31},"f":{"0":35,"1":182,"2":33},"b":{"0":[35,2],"1":[33,2],"2":[2,33],"3":[0,33],"4":[2,31]},"inputSourceMap":null,"_coverageSchema":"1a1c01bbd47fc00a2c39e90264f33305004495a9","hash":"c620e22b470836b069b22621a54814f6d1124d02"},"/home/manoj/Desktop/WEB_API_CW_code (copy)/WebAPI_CW_COBSCCOMP4Y241P-007/src/modules/routes/routes.router.js":{"path":"/home/manoj/Desktop/WEB_API_CW_code (copy)/WebAPI_CW_COBSCCOMP4Y241P-007/src/modules/routes/routes.router.js","statementMap":{"0":{"start":{"line":12,"column":15},"end":{"line":12,"column":23}},"1":{"start":{"line":14,"column":0},"end":{"line":14,"column":26}},"2":{"start":{"line":15,"column":0},"end":{"line":15,"column":44}},"3":{"start":{"line":16,"column":0},"end":{"line":16,"column":32}},"4":{"start":{"line":17,"column":0},"end":{"line":17,"column":62}},"5":{"start":{"line":18,"column":0},"end":{"line":18,"column":66}},"6":{"start":{"line":19,"column":0},"end":{"line":19,"column":67}}},"fnMap":{},"branchMap":{},"s":{"0":13,"1":13,"2":13,"3":13,"4":13,"5":13,"6":13},"f":{},"b":{},"inputSourceMap":null,"_coverageSchema":"1a1c01bbd47fc00a2c39e90264f33305004495a9","hash":"20f18c4d9f55f8b87b4791bb7f678d6c325fb874"},"/home/manoj/Desktop/WEB_API_CW_code (copy)/WebAPI_CW_COBSCCOMP4Y241P-007/src/modules/buses/bus.model.js":{"path":"/home/manoj/Desktop/WEB_API_CW_code (copy)/WebAPI_CW_COBSCCOMP4Y241P-007/src/modules/buses/bus.model.js","statementMap":{"0":{"start":{"line":3,"column":18},"end":{"line":12,"column":1}}},"fnMap":{},"branchMap":{},"s":{"0":13},"f":{},"b":{},"inputSourceMap":null,"_coverageSchema":"1a1c01bbd47fc00a2c39e90264f33305004495a9","hash":"a501fb14cc9fd15850aca9768332b17e4e150523"},"/home/manoj/Desktop/WEB_API_CW_code (copy)/WebAPI_CW_COBSCCOMP4Y241P-007/src/modules/buses/bus.service.js":{"path":"/home/manoj/Desktop/WEB_API_CW_code (copy)/WebAPI_CW_COBSCCOMP4Y241P-007/src/modules/buses/bus.service.js","statementMap":{"0":{"start":{"line":6,"column":2},"end":{"line":6,"column":61}},"1":{"start":{"line":6,"column":45},"end":{"line":6,"column":61}},"2":{"start":{"line":7,"column":18},"end":{"line":7,"column":38}},"3":{"start":{"line":8,"column":2},"end":{"line":8,"column":45}},"4":{"start":{"line":12,"column":2},"end":{"line":12,"column":61}},"5":{"start":{"line":12,"column":45},"end":{"line":12,"column":61}},"6":{"start":{"line":13,"column":14},"end":{"line":13,"column":27}},"7":{"start":{"line":14,"column":2},"end":{"line":16,"column":3}},"8":{"start":{"line":15,"column":4},"end":{"line":15,"column":64}},"9":{"start":{"line":17,"column":2},"end":{"line":17,"column":24}},"10":{"start":{"line":21,"column":2},"end":{"line":21,"column":61}},"11":{"start":{"line":21,"column":45},"end":{"line":21,"column":61}},"12":{"start":{"line":22,"column":17},"end":{"line":22,"column":44}},"13":{"start":{"line":23,"column":2},"end":{"line":25,"column":3}},"14":{"start":{"line":24,"column":4},"end":{"line":24,"column":63}},"15":{"start":{"line":26,"column":2},"end":{"line":26,"column":15}},"16":{"start":{"line":30,"column":2},"end":{"line":30,"column":30}},"17":{"start":{"line":30,"column":14},"end":{"line":30,"column":30}},"18":{"start":{"line":31,"column":2},"end":{"line":33,"column":3}},"19":{"start":{"line":32,"column":4},"end":{"line":32,"column":65}},"20":{"start":{"line":34,"column":2},"end":{"line":34,"column":14}},"21":{"start":{"line":38,"column":2},"end":{"line":38,"column":51}},"22":{"start":{"line":38,"column":13},"end":{"line":38,"column":51}},"23":{"start":{"line":39,"column":2},"end":{"line":39,"column":40}},"24":{"start":{"line":39,"column":29},"end":{"line":39,"column":40}},"25":{"start":{"line":40,"column":2},"end":{"line":43,"column":3}},"26":{"start":{"line":41,"column":4},"end":{"line":41,"column":77}},"27":{"start":{"line":41,"column":66},"end":{"line":41,"column":77}},"28":{"start":{"line":42,"column":4},"end":{"line":42,"column":39}},"29":{"start":{"line":44,"column":2},"end":{"line":44,"column":37}},"30":{"start":{"line":48,"column":2},"end":{"line":48,"column":92}},"31":{"start":{"line":48,"column":44},"end":{"line":48,"column":92}},"32":{"start":{"line":52,"column":2},"end":{"line":52,"column":21}},"33":{"start":{"line":53,"column":16},"end":{"line":53,"column":18}},"34":{"start":{"line":54,"column":2},"end":{"line":54,"column":85}},"35":{"start":{"line":54,"column":25},"end":{"line":54,"column":85}},"36":{"start":{"line":55,"column":2},"end":{"line":55,"column":52}},"37":{"start":{"line":55,"column":23},"end":{"line":55,"column":52}},"38":{"start":{"line":58,"column":2},"end":{"line":62,"column":3}},"39":{"start":{"line":59,"column":17},"end":{"line":59,"column":37}},"40":{"start":{"line":60,"column":16},"end":{"line":60,"column":43}},"41":{"start":{"line":61,"column":4},"end":{"line":61,"column":39}},"42":{"start":{"line":64,"column":15},"end":{"line":64,"column":33}},"43":{"start":{"line":65,"column":25},"end":{"line":68,"column":4}},"44":{"start":{"line":69,"column":2},"end":{"line":69,"column":44}},"45":{"start":{"line":73,"column":2},"end":{"line":73,"column":21}},"46":{"start":{"line":74,"column":2},"end":{"line":74,"column":55}},"47":{"start":{"line":74,"column":44},"end":{"line":74,"column":55}},"48":{"start":{"line":75,"column":2},"end":{"line":75,"column":39}},"49":{"start":{"line":79,"column":2},"end":{"line":79,"column":21}},"50":{"start":{"line":80,"column":16},"end":{"line":80,"column":43}},"51":{"start":{"line":81,"column":19},"end":{"line":81,"column":49}},"52":{"start":{"line":82,"column":19},"end":{"line":82,"column":47}},"53":{"start":{"line":83,"column":17},"end":{"line":83,"column":53}},"54":{"start":{"line":85,"column":2},"end":{"line":87,"column":3}},"55":{"start":{"line":86,"column":4},"end":{"line":86,"column":71}},"56":{"start":{"line":90,"column":2},"end":{"line":94,"column":3}},"57":{"start":{"line":91,"column":4},"end":{"line":91,"column":24}},"58":{"start":{"line":92,"column":9},"end":{"line":94,"column":3}},"59":{"start":{"line":93,"column":4},"end":{"line":93,"column":49}},"60":{"start":{"line":96,"column":2},"end":{"line":102,"column":3}},"61":{"start":{"line":97,"column":16},"end":{"line":97,"column":83}},"62":{"start":{"line":98,"column":4},"end":{"line":98,"column":25}},"63":{"start":{"line":100,"column":4},"end":{"line":100,"column":86}},"64":{"start":{"line":100,"column":29},"end":{"line":100,"column":86}},"65":{"start":{"line":101,"column":4},"end":{"line":101,"column":13}},"66":{"start":{"line":106,"column":2},"end":{"line":106,"column":21}},"67":{"start":{"line":107,"column":2},"end":{"line":107,"column":55}},"68":{"start":{"line":107,"column":44},"end":{"line":107,"column":55}},"69":{"start":{"line":109,"column":19},"end":{"line":109,"column":48}},"70":{"start":{"line":110,"column":2},"end":{"line":110,"column":28}},"71":{"start":{"line":110,"column":17},"end":{"line":110,"column":28}},"72":{"start":{"line":112,"column":2},"end":{"line":112,"column":33}},"73":{"start":{"line":114,"column":20},"end":{"line":114,"column":22}},"74":{"start":{"line":115,"column":2},"end":{"line":119,"column":3}},"75":{"start":{"line":116,"column":21},"end":{"line":116,"column":54}},"76":{"start":{"line":117,"column":4},"end":{"line":117,"column":69}},"77":{"start":{"line":117,"column":19},"end":{"line":117,"column":69}},"78":{"start":{"line":118,"column":4},"end":{"line":118,"column":33}},"79":{"start":{"line":120,"column":2},"end":{"line":122,"column":3}},"80":{"start":{"line":121,"column":4},"end":{"line":121,"column":56}},"81":{"start":{"line":123,"column":2},"end":{"line":125,"column":3}},"82":{"start":{"line":124,"column":4},"end":{"line":124,"column":50}},"83":{"start":{"line":126,"column":2},"end":{"line":129,"column":3}},"84":{"start":{"line":127,"column":4},"end":{"line":127,"column":67}},"85":{"start":{"line":127,"column":32},"end":{"line":127,"column":67}},"86":{"start":{"line":128,"column":4},"end":{"line":128,"column":62}},"87":{"start":{"line":131,"column":2},"end":{"line":133,"column":3}},"88":{"start":{"line":132,"column":4},"end":{"line":132,"column":30}},"89":{"start":{"line":135,"column":18},"end":{"line":137,"column":11}},"90":{"start":{"line":138,"column":2},"end":{"line":138,"column":16}},"91":{"start":{"line":142,"column":2},"end":{"line":142,"column":21}},"92":{"start":{"line":143,"column":2},"end":{"line":143,"column":55}},"93":{"start":{"line":143,"column":44},"end":{"line":143,"column":55}},"94":{"start":{"line":144,"column":19},"end":{"line":144,"column":48}},"95":{"start":{"line":145,"column":2},"end":{"line":145,"column":28}},"96":{"start":{"line":145,"column":17},"end":{"line":145,"column":28}},"97":{"start":{"line":146,"column":2},"end":{"line":146,"column":33}},"98":{"start":{"line":147,"column":2},"end":{"line":147,"column":34}},"99":{"start":{"line":148,"column":2},"end":{"line":148,"column":13}}},"fnMap":{"0":{"name":"normalizeString","decl":{"start":{"line":5,"column":9},"end":{"line":5,"column":24}},"loc":{"start":{"line":5,"column":32},"end":{"line":9,"column":1}},"line":5},"1":{"name":"parseCapacity","decl":{"start":{"line":11,"column":9},"end":{"line":11,"column":22}},"loc":{"start":{"line":11,"column":30},"end":{"line":18,"column":1}},"line":11},"2":{"name":"parseStatus","decl":{"start":{"line":20,"column":9},"end":{"line":20,"column":20}},"loc":{"start":{"line":20,"column":28},"end":{"line":27,"column":1}},"line":20},"3":{"name":"parseOperatorId","decl":{"start":{"line":29,"column":9},"end":{"line":29,"column":24}},"loc":{"start":{"line":29,"column":32},"end":{"line":35,"column":1}},"line":29},"4":{"name":"ensureCanMutate","decl":{"start":{"line":37,"column":9},"end":{"line":37,"column":24}},"loc":{"start":{"line":37,"column":36},"end":{"line":45,"column":1}},"line":37},"5":{"name":"ensureDbConnected","decl":{"start":{"line":47,"column":9},"end":{"line":47,"column":26}},"loc":{"start":{"line":47,"column":29},"end":{"line":49,"column":1}},"line":47},"6":{"name":"list","decl":{"start":{"line":51,"column":22},"end":{"line":51,"column":26}},"loc":{"start":{"line":51,"column":59},"end":{"line":70,"column":1}},"line":51},"7":{"name":"getById","decl":{"start":{"line":72,"column":22},"end":{"line":72,"column":29}},"loc":{"start":{"line":72,"column":34},"end":{"line":76,"column":1}},"line":72},"8":{"name":"create","decl":{"start":{"line":78,"column":22},"end":{"line":78,"column":28}},"loc":{"start":{"line":78,"column":41},"end":{"line":103,"column":1}},"line":78},"9":{"name":"update","decl":{"start":{"line":105,"column":22},"end":{"line":105,"column":28}},"loc":{"start":{"line":105,"column":48},"end":{"line":139,"column":1}},"line":105},"10":{"name":"remove","decl":{"start":{"line":141,"column":22},"end":{"line":141,"column":28}},"loc":{"start":{"line":141,"column":39},"end":{"line":149,"column":1}},"line":141}},"branchMap":{"0":{"loc":{"start":{"line":6,"column":2},"end":{"line":6,"column":61}},"type":"if","locations":[{"start":{"line":6,"column":2},"end":{"line":6,"column":61}},{"start":{},"end":{}}],"line":6},"1":{"loc":{"start":{"line":6,"column":6},"end":{"line":6,"column":43}},"type":"binary-expr","locations":[{"start":{"line":6,"column":6},"end":{"line":6,"column":25}},{"start":{"line":6,"column":29},"end":{"line":6,"column":43}}],"line":6},"2":{"loc":{"start":{"line":8,"column":9},"end":{"line":8,"column":45}},"type":"cond-expr","locations":[{"start":{"line":8,"column":26},"end":{"line":8,"column":33}},{"start":{"line":8,"column":36},"end":{"line":8,"column":45}}],"line":8},"3":{"loc":{"start":{"line":12,"column":2},"end":{"line":12,"column":61}},"type":"if","locations":[{"start":{"line":12,"column":2},"end":{"line":12,"column":61}},{"start":{},"end":{}}],"line":12},"4":{"loc":{"start":{"line":12,"column":6},"end":{"line":12,"column":43}},"type":"binary-expr","locations":[{"start":{"line":12,"column":6},"end":{"line":12,"column":25}},{"start":{"line":12,"column":29},"end":{"line":12,"column":43}}],"line":12},"5":{"loc":{"start":{"line":14,"column":2},"end":{"line":16,"column":3}},"type":"if","locations":[{"start":{"line":14,"column":2},"end":{"line":16,"column":3}},{"start":{},"end":{}}],"line":14},"6":{"loc":{"start":{"line":14,"column":6},"end":{"line":14,"column":38}},"type":"binary-expr","locations":[{"start":{"line":14,"column":6},"end":{"line":14,"column":27}},{"start":{"line":14,"column":31},"end":{"line":14,"column":38}}],"line":14},"7":{"loc":{"start":{"line":21,"column":2},"end":{"line":21,"column":61}},"type":"if","locations":[{"start":{"line":21,"column":2},"end":{"line":21,"column":61}},{"start":{},"end":{}}],"line":21},"8":{"loc":{"start":{"line":21,"column":6},"end":{"line":21,"column":43}},"type":"binary-expr","locations":[{"start":{"line":21,"column":6},"end":{"line":21,"column":25}},{"start":{"line":21,"column":29},"end":{"line":21,"column":43}}],"line":21},"9":{"loc":{"start":{"line":23,"column":2},"end":{"line":25,"column":3}},"type":"if","locations":[{"start":{"line":23,"column":2},"end":{"line":25,"column":3}},{"start":{},"end":{}}],"line":23},"10":{"loc":{"start":{"line":30,"column":2},"end":{"line":30,"column":30}},"type":"if","locations":[{"start":{"line":30,"column":2},"end":{"line":30,"column":30}},{"start":{},"end":{}}],"line":30},"11":{"loc":{"start":{"line":31,"column":2},"end":{"line":33,"column":3}},"type":"if","locations":[{"start":{"line":31,"column":2},"end":{"line":33,"column":3}},{"start":{},"end":{}}],"line":31},"12":{"loc":{"start":{"line":38,"column":2},"end":{"line":38,"column":51}},"type":"if","locations":[{"start":{"line":38,"column":2},"end":{"line":38,"column":51}},{"start":{},"end":{}}],"line":38},"13":{"loc":{"start":{"line":39,"column":2},"end":{"line":39,"column":40}},"type":"if","locations":[{"start":{"line":39,"column":2},"end":{"line":39,"column":40}},{"start":{},"end":{}}],"line":39},"14":{"loc":{"start":{"line":40,"column":2},"end":{"line":43,"column":3}},"type":"if","locations":[{"start":{"line":40,"column":2},"end":{"line":43,"column":3}},{"start":{},"end":{}}],"line":40},"15":{"loc":{"start":{"line":41,"column":4},"end":{"line":41,"column":77}},"type":"if","locations":[{"start":{"line":41,"column":4},"end":{"line":41,"column":77}},{"start":{},"end":{}}],"line":41},"16":{"loc":{"start":{"line":41,"column":8},"end":{"line":41,"column":64}},"type":"binary-expr","locations":[{"start":{"line":41,"column":8},"end":{"line":41,"column":23}},{"start":{"line":41,"column":27},"end":{"line":41,"column":64}}],"line":41},"17":{"loc":{"start":{"line":48,"column":2},"end":{"line":48,"column":92}},"type":"if","locations":[{"start":{"line":48,"column":2},"end":{"line":48,"column":92}},{"start":{},"end":{}}],"line":48},"18":{"loc":{"start":{"line":54,"column":2},"end":{"line":54,"column":85}},"type":"if","locations":[{"start":{"line":54,"column":2},"end":{"line":54,"column":85}},{"start":{},"end":{}}],"line":54},"19":{"loc":{"start":{"line":55,"column":2},"end":{"line":55,"column":52}},"type":"if","locations":[{"start":{"line":55,"column":2},"end":{"line":55,"column":52}},{"start":{},"end":{}}],"line":55},"20":{"loc":{"start":{"line":58,"column":2},"end":{"line":62,"column":3}},"type":"if","locations":[{"start":{"line":58,"column":2},"end":{"line":62,"column":3}},{"start":{},"end":{}}],"line":58},"21":{"loc":{"start":{"line":60,"column":16},"end":{"line":60,"column":43}},"type":"cond-expr","locations":[{"start":{"line":60,"column":23},"end":{"line":60,"column":36}},{"start":{"line":60,"column":39},"end":{"line":60,"column":43}}],"line":60},"22":{"loc":{"start":{"line":61,"column":24},"end":{"line":61,"column":37}},"type":"cond-expr","locations":[{"start":{"line":61,"column":31},"end":{"line":61,"column":33}},{"start":{"line":61,"column":36},"end":{"line":61,"column":37}}],"line":61},"23":{"loc":{"start":{"line":74,"column":2},"end":{"line":74,"column":55}},"type":"if","locations":[{"start":{"line":74,"column":2},"end":{"line":74,"column":55}},{"start":{},"end":{}}],"line":74},"24":{"loc":{"start":{"line":83,"column":17},"end":{"line":83,"column":53}},"type":"binary-expr","locations":[{"start":{"line":83,"column":17},"end":{"line":83,"column":41}},{"start":{"line":83,"column":45},"end":{"line":83,"column":53}}],"line":83},"25":{"loc":{"start":{"line":85,"column":2},"end":{"line":87,"column":3}},"type":"if","locations":[{"start":{"line":85,"column":2},"end":{"line":87,"column":3}},{"start":{},"end":{}}],"line":85},"26":{"loc":{"start":{"line":85,"column":6},"end":{"line":85,"column":51}},"type":"binary-expr","locations":[{"start":{"line":85,"column":6},"end":{"line":85,"column":12}},{"start":{"line":85,"column":16},"end":{"line":85,"column":25}},{"start":{"line":85,"column":29},"end":{"line":85,"column":51}}],"line":85},"27":{"loc":{"start":{"line":90,"column":2},"end":{"line":94,"column":3}},"type":"if","locations":[{"start":{"line":90,"column":2},"end":{"line":94,"column":3}},{"start":{"line":92,"column":9},"end":{"line":94,"column":3}}],"line":90},"28":{"loc":{"start":{"line":92,"column":9},"end":{"line":94,"column":3}},"type":"if","locations":[{"start":{"line":92,"column":9},"end":{"line":94,"column":3}},{"start":{},"end":{}}],"line":92},"29":{"loc":{"start":{"line":100,"column":4},"end":{"line":100,"column":86}},"type":"if","locations":[{"start":{"line":100,"column":4},"end":{"line":100,"column":86}},{"start":{},"end":{}}],"line":100},"30":{"loc":{"start":{"line":107,"column":2},"end":{"line":107,"column":55}},"type":"if","locations":[{"start":{"line":107,"column":2},"end":{"line":107,"column":55}},{"start":{},"end":{}}],"line":107},"31
[...]
:"b03fc1f9bea2f90458ab2bec084cac98583c255a"},"/home/manoj/Desktop/WEB_API_CW_code (copy)/WebAPI_CW_COBSCCOMP4Y241P-007/src/modules/auth/auth.controller.js":{"path":"/home/manoj/Desktop/WEB_API_CW_code (copy)/WebAPI_CW_COBSCCOMP4Y241P-007/src/modules/auth/auth.controller.js","statementMap":{"0":{"start":{"line":4,"column":24},"end":{"line":8,"column":2}},"1":{"start":{"line":5,"column":30},"end":{"line":5,"column":44}},"2":{"start":{"line":6,"column":15},"end":{"line":6,"column":62}},"3":{"start":{"line":7,"column":2},"end":{"line":7,"column":38}},"4":{"start":{"line":10,"column":21},"end":{"line":14,"column":2}},"5":{"start":{"line":11,"column":30},"end":{"line":11,"column":44}},"6":{"start":{"line":12,"column":17},"end":{"line":12,"column":61}},"7":{"start":{"line":13,"column":2},"end":{"line":13,"column":18}},"8":{"start":{"line":16,"column":23},"end":{"line":20,"column":2}},"9":{"start":{"line":17,"column":27},"end":{"line":17,"column":41}},"10":{"start":{"line":18,"column":16},"end":{"line":18,"column":59}},"11":{"start":{"line":19,"column":2},"end":{"line":19,"column":17}},"12":{"start":{"line":22,"column":22},"end":{"line":26,"column":2}},"13":{"start":{"line":23,"column":27},"end":{"line":23,"column":41}},"14":{"start":{"line":24,"column":17},"end":{"line":24,"column":59}},"15":{"start":{"line":25,"column":2},"end":{"line":25,"column":18}}},"fnMap":{"0":{"name":"(anonymous_0)","decl":{"start":{"line":4,"column":37},"end":{"line":4,"column":38}},"loc":{"start":{"line":4,"column":57},"end":{"line":8,"column":1}},"line":4},"1":{"name":"(anonymous_1)","decl":{"start":{"line":10,"column":34},"end":{"line":10,"column":35}},"loc":{"start":{"line":10,"column":54},"end":{"line":14,"column":1}},"line":10},"2":{"name":"(anonymous_2)","decl":{"start":{"line":16,"column":36},"end":{"line":16,"column":37}},"loc":{"start":{"line":16,"column":56},"end":{"line":20,"column":1}},"line":16},"3":{"name":"(anonymous_3)","decl":{"start":{"line":22,"column":35},"end":{"line":22,"column":36}},"loc":{"start":{"line":22,"column":55},"end":{"line":26,"column":1}},"line":22}},"branchMap":{"0":{"loc":{"start":{"line":5,"column":30},"end":{"line":5,"column":44}},"type":"binary-expr","locations":[{"start":{"line":5,"column":30},"end":{"line":5,"column":38}},{"start":{"line":5,"column":42},"end":{"line":5,"column":44}}],"line":5},"1":{"loc":{"start":{"line":11,"column":30},"end":{"line":11,"column":44}},"type":"binary-expr","locations":[{"start":{"line":11,"column":30},"end":{"line":11,"column":38}},{"start":{"line":11,"column":42},"end":{"line":11,"column":44}}],"line":11},"2":{"loc":{"start":{"line":17,"column":27},"end":{"line":17,"column":41}},"type":"binary-expr","locations":[{"start":{"line":17,"column":27},"end":{"line":17,"column":35}},{"start":{"line":17,"column":39},"end":{"line":17,"column":41}}],"line":17},"3":{"loc":{"start":{"line":23,"column":27},"end":{"line":23,"column":41}},"type":"binary-expr","locations":[{"start":{"line":23,"column":27},"end":{"line":23,"column":35}},{"start":{"line":23,"column":39},"end":{"line":23,"column":41}}],"line":23}},"s":{"0":13,"1":20,"2":20,"3":20,"4":13,"5":24,"6":24,"7":19,"8":13,"9":2,"10":2,"11":1,"12":13,"13":1,"14":1,"15":1},"f":{"0":20,"1":24,"2":2,"3":1},"b":{"0":[20,0],"1":[24,0],"2":[2,0],"3":[1,0]},"inputSourceMap":null,"_coverageSchema":"1a1c01bbd47fc00a2c39e90264f33305004495a9","hash":"88f3ff02362c2478c76bbe5579367fb8d2523af7"},"/home/manoj/Desktop/WEB_API_CW_code (copy)/WebAPI_CW_COBSCCOMP4Y241P-007/src/modules/auth/auth.router.js":{"path":"/home/manoj/Desktop/WEB_API_CW_code (copy)/WebAPI_CW_COBSCCOMP4Y241P-007/src/modules/auth/auth.router.js","statementMap":{"0":{"start":{"line":5,"column":15},"end":{"line":5,"column":23}},"1":{"start":{"line":7,"column":16},"end":{"line":13,"column":2}},"2":{"start":{"line":12,"column":14},"end":{"line":12,"column":45}},"3":{"start":{"line":15,"column":0},"end":{"line":15,"column":43}},"4":{"start":{"line":16,"column":0},"end":{"line":16,"column":37}},"5":{"start":{"line":17,"column":0},"end":{"line":17,"column":41}},"6":{"start":{"line":18,"column":0},"end":{"line":18,"column":39}}},"fnMap":{"0":{"name":"(anonymous_0)","decl":{"start":{"line":12,"column":8},"end":{"line":12,"column":9}},"loc":{"start":{"line":12,"column":14},"end":{"line":12,"column":45}},"line":12}},"branchMap":{},"s":{"0":13,"1":13,"2":47,"3":13,"4":13,"5":13,"6":13},"f":{"0":47},"b":{},"inputSourceMap":null,"_coverageSchema":"1a1c01bbd47fc00a2c39e90264f33305004495a9","hash":"fe084c009c8062854e6916b93164730dec05c446"},"/home/manoj/Desktop/WEB_API_CW_code (copy)/WebAPI_CW_COBSCCOMP4Y241P-007/src/middleware/requestId.js":{"path":"/home/manoj/Desktop/WEB_API_CW_code (copy)/WebAPI_CW_COBSCCOMP4Y241P-007/src/middleware/requestId.js","statementMap":{"0":{"start":{"line":4,"column":19},"end":{"line":4,"column":46}},"1":{"start":{"line":5,"column":13},"end":{"line":5,"column":86}},"2":{"start":{"line":6,"column":2},"end":{"line":6,"column":13}},"3":{"start":{"line":7,"column":2},"end":{"line":7,"column":35}},"4":{"start":{"line":8,"column":2},"end":{"line":8,"column":8}}},"fnMap":{"0":{"name":"requestId","decl":{"start":{"line":3,"column":24},"end":{"line":3,"column":33}},"loc":{"start":{"line":3,"column":50},"end":{"line":9,"column":1}},"line":3}},"branchMap":{"0":{"loc":{"start":{"line":5,"column":13},"end":{"line":5,"column":86}},"type":"cond-expr","locations":[{"start":{"line":5,"column":67},"end":{"line":5,"column":75}},{"start":{"line":5,"column":78},"end":{"line":5,"column":86}}],"line":5},"1":{"loc":{"start":{"line":5,"column":13},"end":{"line":5,"column":64}},"type":"binary-expr","locations":[{"start":{"line":5,"column":13},"end":{"line":5,"column":41}},{"start":{"line":5,"column":45},"end":{"line":5,"column":64}}],"line":5}},"s":{"0":101,"1":101,"2":101,"3":101,"4":101},"f":{"0":101},"b":{"0":[0,101],"1":[101,0]},"inputSourceMap":null,"_coverageSchema":"1a1c01bbd47fc00a2c39e90264f33305004495a9","hash":"f7f2f38db9c6185bf1dc9510597d85b054c61b9f"},"/home/manoj/Desktop/WEB_API_CW_code (copy)/WebAPI_CW_COBSCCOMP4Y241P-007/src/middleware/conditionalGet.js":{"path":"/home/manoj/Desktop/WEB_API_CW_code (copy)/WebAPI_CW_COBSCCOMP4Y241P-007/src/middleware/conditionalGet.js","statementMap":{"0":{"start":{"line":5,"column":15},"end":{"line":5,"column":69}},"1":{"start":{"line":6,"column":15},"end":{"line":6,"column":70}},"2":{"start":{"line":7,"column":2},"end":{"line":7,"column":49}},"3":{"start":{"line":12,"column":2},"end":{"line":12,"column":29}},"4":{"start":{"line":12,"column":13},"end":{"line":12,"column":29}},"5":{"start":{"line":13,"column":19},"end":{"line":13,"column":80}},"6":{"start":{"line":13,"column":27},"end":{"line":13,"column":79}},"7":{"start":{"line":14,"column":2},"end":{"line":18,"column":3}},"8":{"start":{"line":15,"column":18},"end":{"line":15,"column":52}},"9":{"start":{"line":16,"column":4},"end":{"line":16,"column":44}},"10":{"start":{"line":16,"column":28},"end":{"line":16,"column":44}},"11":{"start":{"line":17,"column":4},"end":{"line":17,"column":63}},"12":{"start":{"line":17,"column":49},"end":{"line":17,"column":60}},"13":{"start":{"line":19,"column":2},"end":{"line":19,"column":23}},"14":{"start":{"line":24,"column":2},"end":{"line":24,"column":41}},"15":{"start":{"line":24,"column":28},"end":{"line":24,"column":41}},"16":{"start":{"line":26,"column":23},"end":{"line":26,"column":41}},"17":{"start":{"line":27,"column":2},"end":{"line":82,"column":3}},"18":{"start":{"line":28,"column":4},"end":{"line":80,"column":5}},"19":{"start":{"line":29,"column":30},"end":{"line":29,"column":51}},"20":{"start":{"line":30,"column":38},"end":{"line":30,"column":68}},"21":{"start":{"line":32,"column":6},"end":{"line":52,"column":7}},"22":{"start":{"line":33,"column":20},"end":{"line":33,"column":48}},"23":{"start":{"line":34,"column":8},"end":{"line":37,"column":9}},"24":{"start":{"line":35,"column":10},"end":{"line":35,"column":25}},"25":{"start":{"line":36,"column":10},"end":{"line":36,"column":26}},"26":{"start":{"line":39,"column":8},"end":{"line":49,"column":9}},"27":{"start":{"line":40,"column":22},"end":{"line":40,"column":54}},"28":{"start":{"line":41,"column":10},"end":{"line":48,"column":11}},"29":{"start":{"line":42,"column":26},"end":{"line":42,"column":39}},"30":{"start":{"line":43,"column":37},"end":{"line":43,"column":70}},"31":{"start":{"line":44,"column":12},"end":{"line":47,"column":13}},"32":{"start":{"line":45,"column":14},"end":{"line":45,"column":29}},"33":{"start":{"line":46,"column":14},"end":{"line":46,"column":30}},"34":{"start":{"line":51,"column":8},"end":{"line":51,"column":33}},"35":{"start":{"line":54,"column":19},"end":{"line":54,"column":36}},"36":{"start":{"line":55,"column":31},"end":{"line":55,"column":85}},"37":{"start":{"line":58,"column":18},"end":{"line":58,"column":46}},"38":{"start":{"line":59,"column":6},"end":{"line":62,"column":7}},"39":{"start":{"line":60,"column":8},"end":{"line":60,"column":23}},"40":{"start":{"line":61,"column":8},"end":{"line":61,"column":24}},"41":{"start":{"line":65,"column":6},"end":{"line":75,"column":7}},"42":{"start":{"line":66,"column":20},"end":{"line":66,"column":52}},"43":{"start":{"line":67,"column":8},"end":{"line":73,"column":9}},"44":{"start":{"line":68,"column":24},"end":{"line":68,"column":37}},"45":{"start":{"line":69,"column":10},"end":{"line":72,"column":11}},"46":{"start":{"line":70,"column":12},"end":{"line":70,"column":27}},"47":{"start":{"line":71,"column":12},"end":{"line":71,"column":28}},"48":{"start":{"line":74,"column":8},"end":{"line":74,"column":70}},"49":{"start":{"line":77,"column":6},"end":{"line":77,"column":33}},"50":{"start":{"line":81,"column":4},"end":{"line":81,"column":29}},"51":{"start":{"line":84,"column":2},"end":{"line":84,"column":15}}},"fnMap":{"0":{"name":"computeETag","decl":{"start":{"line":4,"column":9},"end":{"line":4,"column":20}},"loc":{"start":{"line":4,"column":27},"end":{"line":8,"column":1}},"line":4},"1":{"name":"getLastModifiedFromBody","decl":{"start":{"line":11,"column":9},"end":{"line":11,"column":32}},"loc":{"start":{"line":11,"column":39},"end":{"line":20,"column":1}},"line":11},"2":{"name":"(anonymous_2)","decl":{"start":{"line":13,"column":19},"end":{"line":13,"column":20}},"loc":{"start":{"line":13,"column":27},"end":{"line":13,"column":79}},"line":13},"3":{"name":"(anonymous_3)","decl":{"start":{"line":17,"column":42},"end":{"line":17,"column":43}},"loc":{"start":{"line":17,"column":49},"end":{"line":17,"column":60}},"line":17},"4":{"name":"conditionalGet","decl":{"start":{"line":23,"column":24},"end":{"line":23,"column":38}},"loc":{"start":{"line":23,"column":55},"end":{"line":85,"column":1}},"line":23},"5":{"name":"(anonymous_5)","decl":{"start":{"line":27,"column":13},"end":{"line":27,"column":14}},"loc":{"start":{"line":27,"column":23},"end":{"line":82,"column":3}},"line":27}},"branchMap":{"0":{"loc":{"start":{"line":5,"column":15},"end":{"line":5,"column":69}},"type":"cond-expr","locations":[{"start":{"line":5,"column":42},"end":{"line":5,"column":46}},{"start":{"line":5,"column":49},"end":{"line":5,"column":69}}],"line":5},"1":{"loc":{"start":{"line":12,"column":2},"end":{"line":12,"column":29}},"type":"if","locations":[{"start":{"line":12,"column":2},"end":{"line":12,"column":29}},{"start":{},"end":{}}],"line":12},"2":{"loc":{"start":{"line":13,"column":27},"end":{"line":13,"column":79}},"type":"cond-expr","locations":[{"start":{"line":13,"column":46},"end":{"line":13,"column":67}},{"start":{"line":13,"column":70},"end":{"line":13,"column":79}}],"line":13},"3":{"loc":{"start":{"line":13,"column":27},"end":{"line":13,"column":43}},"type":"binary-expr","locations":[{"start":{"line":13,"column":27},"end":{"line":13,"column":28}},{"start":{"line":13,"column":32},"end":{"line":13,"column":43}}],"line":13},"4":{"loc":{"start":{"line":14,"column":2},"end":{"line":18,"column":3}},"type":"if","locations":[{"start":{"line":14,"column":2},"end":{"line":18,"column":3}},{"start":{},"end":{}}],"line":14},"5":{"loc":{"start":{"line":16,"column":4},"end":{"line":16,"column":44}},"type":"if","locations":[{"start":{"line":16,"column":4},"end":{"line":16,"column":44}},{"start":{},"end":{}}],"line":16},"6":{"loc":{"start":{"line":24,"column":2},"end":{"line":24,"column":41}},"type":"if","locations":[{"start":{"line":24,"column":2},"end":{"line":24,"column":41}},{"start":{},"end":{}}],"line":24},"7":{"loc":{"start":{"line":32,"column":6},"end":{"line":52,"column":7}},"type":"if","locations":[{"start":{"line":32,"column":6},"end":{"line":52,"column":7}},{"start":{},"end":{}}],"line":32},"8":{"loc":{"start":{"line":32,"column":10},"end":{"line":32,"column":52}},"type":"binary-expr","locations":[{"start":{"line":32,"column":10},"end":{"line":32,"column":25}},{"start":{"line":32,"column":29},"end":{"line":32,"column":52}}],"line":32},"9":{"loc":{"start":{"line":34,"column":8},"end":{"line":37,"column":9}},"type":"if","locations":[{"start":{"line":34,"column":8},"end":{"line":37,"column":9}},{"start":{},"end":{}}],"line":34},"10":{"loc":{"start":{"line":34,"column":12},"end":{"line":34,"column":61}},"type":"binary-expr","locations":[{"start":{"line":34,"column":12},"end":{"line":34,"column":27}},{"start":{"line":34,"column":31},"end":{"line":34,"column":34}},{"start":{"line":34,"column":38},"end":{"line":34,"column":61}}],"line":34},"11":{"loc":{"start":{"line":39,"column":8},"end":{"line":49,"column":9}},"type":"if","locations":[{"start":{"line":39,"column":8},"end":{"line":49,"column":9}},{"start":{},"end":{}}],"line":39},"12":{"loc":{"start":{"line":41,"column":10},"end":{"line":48,"column":11}},"type":"if","locations":[{"start":{"line":41,"column":10},"end":{"line":48,"column":11}},{"start":{},"end":{}}],"line":41},"13":{"loc":{"start":{"line":44,"column":12},"end":{"line":47,"column":13}},"type":"if","locations":[{"start":{"line":44,"column":12},"end":{"line":47,"column":13}},{"start":{},"end":{}}],"line":44},"14":{"loc":{"start":{"line":44,"column":16},"end":{"line":44,"column":86}},"type":"binary-expr","locations":[{"start":{"line":44,"column":16},"end":{"line":44,"column":29}},{"start":{"line":44,"column":33},"end":{"line":44,"column":57}},{"start":{"line":44,"column":61},"end":{"line":44,"column":86}}],"line":44},"15":{"loc":{"start":{"line":55,"column":55},"end":{"line":55,"column":84}},"type":"cond-expr","locations":[{"start":{"line":55,"column":68},"end":{"line":55,"column":77}},{"start":{"line":55,"column":80},"end":{"line":55,"column":84}}],"line":55},"16":{"loc":{"start":{"line":59,"column":6},"end":{"line":62,"column":7}},"type":"if","locations":[{"start":{"line":59,"column":6},"end":{"line":62,"column":7}},{"start":{},"end":{}}],"line":59},"17":{"loc":{"start":{"line":59,"column":10},"end":{"line":59,"column":29}},"type":"binary-expr","locations":[{"start":{"line":59,"column":10},"end":{"line":59,"column":13}},{"start":{"line":59,"column":17},"end":{"line":59,"column":29}}],"line":59},"18":{"loc":{"start":{"line":65,"column":6},"end":{"line":75,"column":7}},"type":"if","locations":[{"start":{"line":65,"column":6},"end":{"line":75,"column":7}},{"start":{},"end":{}}],"line":65},"19":{"loc":{"start":{"line":67,"column":8},"end":{"line":73,"column":9}},"type":"if","locations":[{"start":{"line":67,"column":8},"end":{"line":73,"column":9}},{"start":{},"end":{}}],"line":67},"20":{"loc":{"start":{"line":69,"column":10},"end":{"line":72,"column":11}},"type":"if","locations":[{"start":{"line":69,"column":10},"end":{"line":72,"column":11}},{"start":{},"end":{}}],"line":69},"21":{"loc":{"start":{"line":69,"column":14},"end":{"line":69,"column":56}},"type":"binary-expr","locations":[{"start":{"line":69,"column":14},"end":{"line":69,"column":27}},{"start":{"line":69,"column":31},"end":{"line":69,"column":56}}],"line":69}},"s":{"0":11,"1":11,"2":11,"3":11,"4":0,"5":11,"6":13,"7":11,"8":3,"9":3,"10":0,"11":3,"12":5,"13":8,"14":101,"15":82,"16":19,"17":19,"18":17,"19":17,"20":17,"21":17,"22":6,"23":6,"24":0,"25":0,"26":6,"27":6,"28":6,"29":0,"30":0,"31":0,"32":0,"33":0,"34":6,"35":11,"36":11,"37":11,"38":11,"39":1,"40":1,"41":10,"42":4,"43":4,"44":0,"45":0,"46":0,"47":0,"48":4,"49":10,"50":10,"51":19},"f":{"0":11,"1":11,"2":13,"3":5,"4":101,"5":17},"b":{"0":[0,11],"1":[0,11],"2":[7,6],"3":[13,13],"4":[3,8],"5":[0,3],"6":[82,19],"7":[6,11],"8":[17,11],"9":[0,6],"10":[6,6,2],"11":[6,0],"12":[0,6],"13":[0,0],"14":[0,0,0],"15":[5,6],"16":[1,10],"17":[11,1],"18":[4,6],"19":[0,4],"20":[0,0],"21":[0,0]},"inputSourceMap":null,"_coverageSchema":"1a1c01bbd47fc00a2c39e90264f33305004495a9","hash":"aeb62d38c3cb845e065ccbf00ec78754ae5a14c7"},"/home/manoj/Desktop/WEB_API_CW_code (copy)/WebAPI_CW_COBSCCOMP4Y241P-007/src/app.js":{"path":"/home/manoj/Desktop/WEB_API_CW_code (copy)/WebAPI_CW_COBSCCOMP4Y241P-007/src/app.js","statementMap":{"0":{"start":{"line":14,"column":12},"end":{"line":14,"column":21}},"1":{"start":{"line":16,"column":23},"end":{"line":19,"column":17}},"2":{"start":{"line":18,"column":13},"end":{"line":18,"column":21}},"3":{"start":{"line":21,"column":28},"end":{"line":21,"column":131}},"4":{"start":{"line":22,"column":27},"end":{"line":22,"column":88}},"5":{"start":{"line":24,"column":28},"end":{"line":39,"column":1}},"6":{"start":{"line":25,"column":1},"end":{"line":32,"column":2}},"7":{"start":{"line":26,"column":2},"end":{"line":30,"column":4}},"8":{"start":{"line":31,"column":2},"end":{"line":31,"column":8}},"9":{"start":{"line":34,"column":1},"end":{"line":38,"column":3}},"10":{"start":{"line":42,"column":0},"end":{"line":42,"column":17}},"11":{"start":{"line":45,"column":0},"end":{"line":45,"column":34}},"12":{"start":{"line":48,"column":0},"end":{"line":48,"column":23}},"13":{"start":{"line":51,"column":0},"end":{"line":51,"column":18}},"14":{"start":{"line":52,"column":0},"end":{"line":52,"column":15}},"15":{"start":{"line":54,"column":0},"end":{"line":54,"column":23}},"16":{"start":{"line":57,"column":0},"end":{"line":57,"column":26}},"17":{"start":{"line":58,"column":0},"end":{"line":58,"column":23}},"18":{"start":{"line":59,"column":0},"end":{"line":59,"column":28}},"19":{"start":{"line":60,"column":0},"end":{"line":60,"column":29}},"20":{"start":{"line":63,"column":0},"end":{"line":63,"column":17}},"21":{"start":{"line":64,"column":0},"end":{"line":64,"column":21}}},"fnMap":{"0":{"name":"(anonymous_0)","decl":{"start":{"line":18,"column":6},"end":{"line":18,"column":7}},"loc":{"start":{"line":18,"column":13},"end":{"line":18,"column":21}},"line":18},"1":{"name":"(anonymous_1)","decl":{"start":{"line":24,"column":28},"end":{"line":24,"column":29}},"loc":{"start":{"line":24,"column":47},"end":{"line":39,"column":1}},"line":24}},"branchMap":{"0":{"loc":{"start":{"line":16,"column":24},"end":{"line":16,"column":62}},"type":"binary-expr","locations":[{"start":{"line":16,"column":24},"end":{"line":16,"column":56}},{"start":{"line":16,"column":60},"end":{"line":16,"column":62}}],"line":16},"1":{"loc":{"start":{"line":25,"column":1},"end":{"line":32,"column":2}},"type":"if","locations":[{"start":{"line":25,"column":1},"end":{"line":32,"column":2}},{"start":{},"end":{}}],"line":25},"2":{"loc":{"start":{"line":25,"column":5},"end":{"line":25,"column":50}},"type":"binary-expr","locations":[{"start":{"line":25,"column":5},"end":{"line":25,"column":25}},{"start":{"line":25,"column":29},"end":{"line":25,"column":50}}],"line":25},"3":{"loc":{"start":{"line":35,"column":10},"end":{"line":35,"column":56}},"type":"cond-expr","locations":[{"start":{"line":35,"column":34},"end":{"line":35,"column":48}},{"start":{"line":35,"column":51},"end":{"line":35,"column":56}}],"line":35}},"s":{"0":13,"1":13,"2":13,"3":13,"4":13,"5":13,"6":101,"7":19,"8":19,"9":82,"10":13,"11":13,"12":13,"13":13,"14":13,"15":13,"16":13,"17":13,"18":13,"19":13,"20":13,"21":13},"f":{"0":13,"1":101},"b":{"0":[13,13],"1":[19,82],"2":[101,82],"3":[0,82]},"inputSourceMap":null,"_coverageSchema":"1a1c01bbd47fc00a2c39e90264f33305004495a9","hash":"d5dc2330f0a55812eb04539cc51e0f328d29788d"}}}
